#
# A fatal error has been detected by the Java Runtime Environment:
#
#  SIGSEGV (0xb) at pc=0x000000010a4483a3, pid=14693, tid=39427
#
# JRE version: OpenJDK Runtime Environment (17.0.2+8) (build 17.0.2+8-86)
# Java VM: OpenJDK 64-Bit Server VM (17.0.2+8-86, mixed mode, emulated-client, sharing, tiered, compressed oops, compressed class ptrs, g1 gc, bsd-amd64)
# Problematic frame:
# V  [libjvm.dylib+0x4483a3]  void G1ParScanThreadState::do_oop_evac<narrowOop>(narrowOop*)+0x53
#
# No core dump will be written. Core dumps have been disabled. To enable core dumping, try "ulimit -c unlimited" before starting Java again
#
# If you would like to submit a bug report, please visit:
#   https://bugreport.java.com/bugreport/crash.jsp
#

---------------  S U M M A R Y ------------

Command Line: -XX:TieredStopAtLevel=1 -Xverify:none -Dspring.output.ansi.enabled=always -Dcom.sun.management.jmxremote -Dspring.jmx.enabled=true -Dspring.liveBeansView.mbeanDomain -Dspring.application.admin.enabled=true -javaagent:/Applications/IntelliJ IDEA.app/Contents/lib/idea_rt.jar=52961:/Applications/IntelliJ IDEA.app/Contents/bin -Dfile.encoding=UTF-8 com.sanalyapp.sanaly.SanalyApplication

Host: "MacBookAir7,2" x86_64 1800 MHz, 4 cores, 8G, Darwin 20.5.0, macOS 11.4 (20F71)
Time: Thu May  5 19:34:14 2022 +06 elapsed time: 66657.870930 seconds (0d 18h 30m 57s)

---------------  T H R E A D  ---------------

Current thread (0x00007f9b4f57dde0):  GCTaskThread "GC Thread#1" [stack: 0x0000700008d12000,0x0000700008e12000] [id=39427]

Stack: [0x0000700008d12000,0x0000700008e12000],  sp=0x0000700008e11c50,  free space=1023k
Native frames: (J=compiled Java code, j=interpreted, Vv=VM code, C=native code)
V  [libjvm.dylib+0x4483a3]  void G1ParScanThreadState::do_oop_evac<narrowOop>(narrowOop*)+0x53
V  [libjvm.dylib+0x44668e]  G1ParScanThreadState::trim_queue_to_threshold(unsigned int)+0x19e
V  [libjvm.dylib+0x40bfef]  G1ParEvacuateFollowersClosure::do_void()+0x4f
V  [libjvm.dylib+0x8f1f01]  ReferenceProcessor::process_final_keep_alive_work(DiscoveredList&, OopClosure*, VoidClosure*)+0x161
V  [libjvm.dylib+0x8f3d2b]  RefProcPhase3Task::rp_work(unsigned int, BoolObjectClosure*, OopClosure*, VoidClosure*)+0x7b
V  [libjvm.dylib+0x40e4af]  G1STWRefProcProxyTask::work(unsigned int)+0xef
V  [libjvm.dylib+0xa9e16c]  GangWorker::loop()+0x5c
V  [libjvm.dylib+0xa9e0f6]  GangWorker::run()+0x16
V  [libjvm.dylib+0x9f295a]  Thread::call_run()+0x11a
V  [libjvm.dylib+0x886758]  thread_native_entry(Thread*)+0x148
C  [libsystem_pthread.dylib+0x68fc]  _pthread_start+0xe0
C  [libsystem_pthread.dylib+0x2443]  thread_start+0xf


siginfo: si_signo: 11 (SIGSEGV), si_code: 1 (SEGV_MAPERR), si_addr: 0x0000000000002000

Register to memory mapping:

RAX=0x0 is NULL
RBX=0x0000000000000003 is an unknown value
RCX=0x0000000000000014 is an unknown value
RDX=0x0000000000002000 is an unknown value
RSP=0x0000700008e11c50 points into unknown readable memory: 0x0000036500000426 | 26 04 00 00 65 03 00 00
RBP=0x0000700008e11c70 points into unknown readable memory: 0x0000700008e11cb0 | b0 1c e1 08 00 70 00 00
RSI=0x0 is NULL
RDI=0x0 is NULL
R8 =0x0 is NULL
R9 =0x00000007856fbff8 is an oop: org.postgresql.core.NativeQuery 
{0x00000007856fbff8} - klass: 'org/postgresql/core/NativeQuery'
 - ---- fields (total size 4 words):
 - public final 'multiStatement' 'Z' @12  false
 - public final 'nativeSql' 'Ljava/lang/String;' @16  "ROLLBACK TO SAVEPOINT PGJDBC_AUTOSAVE"{0x000000078092e9e8} (f0125d3d)
 - public final 'bindPositions' '[I' @20  [I{0x00000007811e7f10} (f023cfe2)
 - public final 'command' 'Lorg/postgresql/core/SqlCommand;' @24  a 'org/postgresql/core/SqlCommand'{0x00000007811e8378} (f023d06f)
R10=0x0000000000000004 is an unknown value
R11=0x00007f9b525ba530 points into unknown readable memory: 0x000000010ac3cc50 | 50 cc c3 0a 01 00 00 00
R12=0x000000010ac5da90: _ZN14CompressedOops11_narrow_oopE+0 in /Users/zhanibek/Library/Java/JavaVirtualMachines/openjdk-17.0.2/Contents/Home/lib/server/libjvm.dylib at 0x000000010a000000
R13=0x000000078260a1b4 is pointing into object: org.postgresql.core.v3.SimpleQuery 
{0x000000078260a180} - klass: 'org/postgresql/core/v3/SimpleQuery'
 - ---- fields (total size 8 words):
 - private 'deallocateEpoch' 'S' @12  0
 - private 'needUpdateFieldFormats' 'Z' @14  false
 - private 'hasBinaryFields' 'Z' @15  false
 - private 'portalDescribed' 'Z' @16  false
 - private 'statementDescribed' 'Z' @17  false
 - private final 'sanitiserDisabled' 'Z' @18  false
 - private 'resultSetColumnNameIndexMap' 'Ljava/util/Map;' @20  NULL (0)
 - private final 'nativeQuery' 'Lorg/postgresql/core/NativeQuery;' @24  a 'org/postgresql/core/NativeQuery'{0x000000078260a1c0} (f04c1438)
 - private final 'transferModeRegistry' 'Lorg/postgresql/core/v3/TypeTransferModeRegistry;' @28  NULL (0)
 - private 'statementName' 'Ljava/lang/String;' @32  NULL (0)
 - private 'encodedStatementName' '[B' @36  NULL (0)
 - private 'fields' '[Lorg/postgresql/core/Field;' @40  NULL (0)
 - private 'cleanupRef' 'Ljava/lang/ref/PhantomReference;' @44  NULL (0)
 - private 'preparedTypes' '[I' @48  NULL (0)
 - private 'unspecifiedParams' 'Ljava/util/BitSet;' @52  
[error occurred during error reporting (printing register info), id 0xb, SIGSEGV (0xb) at pc=0x000000010a5070f5]

Registers:
RAX=0x0000000000000000, RBX=0x0000000000000003, RCX=0x0000000000000014, RDX=0x0000000000002000
RSP=0x0000700008e11c50, RBP=0x0000700008e11c70, RSI=0x0000000000000000, RDI=0x0000000000000000
R8 =0x0000000000000000, R9 =0x00000007856fbff8, R10=0x0000000000000004, R11=0x00007f9b525ba530
R12=0x000000010ac5da90, R13=0x000000078260a1b4, R14=0x00007f9b525ba3b0, R15=0x000000078260a1b4
RIP=0x000000010a4483a3, EFLAGS=0x0000000000010246, ERR=0x0000000000000004
  TRAPNO=0x000000000000000e

Top of Stack: (sp=0x0000700008e11c50)
0x0000700008e11c50:   0000036500000426 00007f9b525ba3b0
0x0000700008e11c60:   0000000000000000 ffffffff00000000
0x0000700008e11c70:   0000700008e11cb0 000000010a44668e
0x0000700008e11c80:   00007f9b525ba3c8 00000007841feef8
0x0000700008e11c90:   0000700008e11e70 0000700008e11e28
0x0000700008e11ca0:   00007f9b525ba3b0 000000010ac9f9e0
0x0000700008e11cb0:   0000700008e11d40 000000010a40bfef
0x0000700008e11cc0:   0000000000000000 0000000000000000
0x0000700008e11cd0:   0000700000000000 0000700007e5e4f0
0x0000700008e11ce0:   000000000000018a 0000000000001000
0x0000700008e11cf0:   0000700008e11d50 000000010a9c117f
0x0000700008e11d00:   0000700008e11d20 000000010a006b5f
0x0000700008e11d10:   0000000784d00f00 00000007841feef8
0x0000700008e11d20:   0000700008e11e70 0000000000000000
0x0000700008e11d30:   00007f9b4f40c890 000000010ac9f9e0
0x0000700008e11d40:   0000700008e11d90 000000010a8f1f01
0x0000700008e11d50:   0000700008e11de0 0000700008e11e28
0x0000700008e11d60:   00007f9b4f40c890 00007f9b4f57e080
0x0000700008e11d70:   0000700008e11e70 0000000000000002
0x0000700008e11d80:   0000700007e5e1a0 0000700008e11e28
0x0000700008e11d90:   0000700008e11e10 000000010a8f3d2b
0x0000700008e11da0:   000000010ac4f680 00007f9b4f57aad0
0x0000700008e11db0:   40f0461cf1446fcf 3fa2d3a000000002
0x0000700008e11dc0:   00007f9b4f683530 00007f9b4f683540
0x0000700008e11dd0:   0000000000000015 00007f9b4f683918
0x0000700008e11de0:   00000000000003d8 0000700007e5e2b0
0x0000700008e11df0:   0000700007e5e2f0 00007f9b50011800
0x0000700008e11e00:   0000000000000002 0000000000000002
0x0000700008e11e10:   0000700008e11ec0 000000010a40e4af
0x0000700008e11e20:   00007f9b4f61e9a0 000000010ac3b1f0
0x0000700008e11e30:   0000000000000000 0000000000000000
0x0000700008e11e40:   0000000000000000 00007f9b50011800 

Instructions: (pc=0x000000010a4483a3)
0x000000010a4482a3:   c7 80 08 02 00 00 00 00 00 00 48 c7 80 10 02 00
0x000000010a4482b3:   00 00 00 00 00 49 89 c4 48 8b 4d d0 eb 10 48 8b
0x000000010a4482c3:   4d d0 31 c0 4c 89 a0 08 02 00 00 49 89 c4 48 8d
0x000000010a4482d3:   44 d9 20 4c 89 20 48 81 04 d9 18 02 00 00 49 8b
0x000000010a4482e3:   84 24 00 02 00 00 4c 89 28 49 83 84 24 00 02 00
0x000000010a4482f3:   00 08 41 83 7e 20 01 74 38 45 84 ff 74 33 49 8b
0x000000010a448303:   5e 18 49 c1 ed 09 48 8b 43 60 4c 03 68 40 48 8b
0x000000010a448313:   70 38 49 29 f5 4c 39 ab b0 01 00 00 74 13 48 8d
0x000000010a448323:   7b 18 4c 01 ee e8 03 74 00 00 4c 89 ab b0 01 00
0x000000010a448333:   00 48 83 c4 08 5b 41 5c 41 5d 41 5e 41 5f 5d c3
0x000000010a448343:   66 2e 0f 1f 84 00 00 00 00 00 0f 1f 00 55 48 89
0x000000010a448353:   e5 41 57 41 56 41 54 53 49 89 f7 8b 16 4c 8d 25
0x000000010a448363:   29 57 81 00 41 8b 5c 24 08 89 d9 48 d3 e2 49 89
0x000000010a448373:   fe 49 8b 3c 24 48 01 fa 49 8b 46 08 8a 88 90 05
0x000000010a448383:   00 00 48 89 d6 48 d3 ee 48 8b 80 80 05 00 00 0f
0x000000010a448393:   b7 34 70 89 f0 c1 e8 08 84 c0 0f 88 ce 00 00 00
0x000000010a4483a3:   48 8b 0a 89 c8 83 e0 03 83 f8 03 75 22 48 8d 15
0x000000010a4483b3:   aa 6e 85 00 89 ce 83 e6 07 48 83 e1 fc 31 c0 80
0x000000010a4483c3:   3a 00 48 0f 44 c1 83 fe 05 48 0f 45 c1 eb 11 4c
0x000000010a4483d3:   89 f7 e8 36 ef ff ff 49 8b 3c 24 41 8b 5c 24 08
0x000000010a4483e3:   48 89 c2 48 29 fa 89 d9 48 d3 ea 41 89 17 48 89
0x000000010a4483f3:   c2 4c 31 fa 48 8d 0d 22 72 85 00 8a 09 48 d3 ea
0x000000010a448403:   48 85 d2 74 69 49 8b 56 08 8a 8a c0 01 00 00 4c
0x000000010a448413:   89 fe 48 d3 ee 48 8b 8a b0 01 00 00 48 8b 0c f1
0x000000010a448423:   f7 41 74 02 00 00 00 75 45 8a 8a 90 05 00 00 48
0x000000010a448433:   d3 e8 48 8b 8a 80 05 00 00 80 3c 41 00 74 2f 49
0x000000010a448443:   c1 ef 09 49 8b 46 60 4c 03 78 40 48 8b 70 38 49
0x000000010a448453:   29 f7 4d 39 be b0 01 00 00 74 13 49 8d 7e 18 4c
0x000000010a448463:   01 fe e8 c6 72 00 00 4d 89 be b0 01 00 00 5b 41
0x000000010a448473:   5c 41 5e 41 5f 5d c3 66 0f 1f 44 00 00 55 48 89
0x000000010a448483:   e5 41 57 41 56 41 55 41 54 53 48 83 ec 18 49 89
0x000000010a448493:   f7 48 89 fb 48 8b 06 48 8d 0d c0 6d 85 00 89 c2 


Stack slot to memory mapping:
stack at sp + 0 slots: 0x0000036500000426 is an unknown value
stack at sp + 1 slots: 0x00007f9b525ba3b0 points into unknown readable memory: 0x000000010ac3cc30 | 30 cc c3 0a 01 00 00 00
stack at sp + 2 slots: 0x0 is NULL
stack at sp + 3 slots: 0xffffffff00000000 is an unknown value
stack at sp + 4 slots: 0x0000700008e11cb0 points into unknown readable memory: 0x0000700008e11d40 | 40 1d e1 08 00 70 00 00
stack at sp + 5 slots: 0x000000010a44668e: _ZN20G1ParScanThreadState23trim_queue_to_thresholdEj+0x19e in /Users/zhanibek/Library/Java/JavaVirtualMachines/openjdk-17.0.2/Contents/Home/lib/server/libjvm.dylib at 0x000000010a000000
stack at sp + 6 slots: 0x00007f9b525ba3c8 points into unknown readable memory: 0x000000010ac3cdf8 | f8 cd c3 0a 01 00 00 00
stack at sp + 7 slots: 0x00000007841feef8 is an oop: java.lang.ref.Finalizer 
{0x00000007841feef8} - klass: 'java/lang/ref/Finalizer'
 - ---- fields (total size 5 words):
 - private 'referent' 'Ljava/lang/Object;' @12  a 'org/postgresql/jdbc/PgConnection'{0x000000078404f888} (f0809f11)
 - volatile 'queue' 'Ljava/lang/ref/ReferenceQueue;' @16  a 'java/lang/ref/ReferenceQueue'{0x00000007804d1578} (f009a2af)
 - volatile 'next' 'Ljava/lang/ref/Reference;' @20  a 'java/lang/ref/Finalizer'{0x00000007841feef8} (f083fddf)
 - private transient 'discovered' 'Ljava/lang/ref/Reference;' @24  a 'java/lang/ref/Finalizer'{0x00000007841feed0} (f083fdda)
 - private 'next' 'Ljava/lang/ref/Finalizer;' @28  a 'java/lang/ref/Finalizer'{0x00000007841fef20} (f083fde4)
 - private 'prev' 'Ljava/lang/ref/Finalizer;' @32  a 'java/lang/ref/Finalizer'{0x00000007841feed0} (f083fdda)


---------------  P R O C E S S  ---------------

Threads class SMR info:
_java_thread_list=0x00007f9b52fb65d0, length=32, elements={
0x00007f9b5182e600, 0x00007f9b4f814c00, 0x00007f9b5182f200, 0x00007f9b4f82dc00,
0x00007f9b5182f800, 0x00007f9b4f818200, 0x00007f9b50809200, 0x00007f9b4f82f200,
0x00007f9b4f8f7a00, 0x00007f9b4f82aa00, 0x00007f9b500dce00, 0x00007f9b518bd600,
0x00007f9b4f82b600, 0x00007f9b4f868a00, 0x00007f9b50960600, 0x00007f9b519c1600,
0x00007f9b4f9b2800, 0x00007f9b5099e400, 0x00007f9b4fa0d400, 0x00007f9b4fa0da00,
0x00007f9b4fa4cc00, 0x00007f9b4fa4d200, 0x00007f9b4fa4d800, 0x00007f9b509e8600,
0x00007f9b509e8c00, 0x00007f9b509e9200, 0x00007f9b519f6a00, 0x00007f9b509e7c00,
0x00007f9b51826c00, 0x00007f9b4f82f800, 0x00007f9b51bf9a00, 0x00007f9b519e2000
}

Java Threads: ( => current thread )
  0x00007f9b5182e600 JavaThread "Reference Handler" daemon [_thread_blocked, id=14851, stack(0x0000700007e62000,0x0000700007f62000)]
  0x00007f9b4f814c00 JavaThread "Finalizer" daemon [_thread_blocked, id=15875, stack(0x0000700007f65000,0x0000700008065000)]
  0x00007f9b5182f200 JavaThread "Signal Dispatcher" daemon [_thread_blocked, id=23555, stack(0x00007000081f1000,0x00007000082f1000)]
  0x00007f9b4f82dc00 JavaThread "Service Thread" daemon [_thread_blocked, id=42243, stack(0x00007000082f4000,0x00007000083f4000)]
  0x00007f9b5182f800 JavaThread "Monitor Deflation Thread" daemon [_thread_blocked, id=24067, stack(0x00007000083f7000,0x00007000084f7000)]
  0x00007f9b4f818200 JavaThread "C1 CompilerThread0" daemon [_thread_blocked, id=41731, stack(0x00007000084fa000,0x00007000085fa000)]
  0x00007f9b50809200 JavaThread "Sweeper thread" daemon [_thread_blocked, id=24579, stack(0x00007000085fd000,0x00007000086fd000)]
  0x00007f9b4f82f200 JavaThread "Common-Cleaner" daemon [_thread_blocked, id=25091, stack(0x0000700008700000,0x0000700008800000)]
  0x00007f9b4f8f7a00 JavaThread "Monitor Ctrl-Break" daemon [_thread_in_native, id=40963, stack(0x0000700008906000,0x0000700008a06000)]
  0x00007f9b4f82aa00 JavaThread "Notification Thread" daemon [_thread_blocked, id=40451, stack(0x0000700008a09000,0x0000700008b09000)]
  0x00007f9b500dce00 JavaThread "RMI TCP Accept-0" daemon [_thread_in_native, id=40195, stack(0x0000700008b0c000,0x0000700008c0c000)]
  0x00007f9b518bd600 JavaThread "Attach Listener" daemon [_thread_blocked, id=38659, stack(0x0000700009221000,0x0000700009321000)]
  0x00007f9b4f82b600 JavaThread "RMI Scheduler(0)" daemon [_thread_blocked, id=38147, stack(0x0000700009427000,0x0000700009527000)]
  0x00007f9b4f868a00 JavaThread "Catalina-utility-1" [_thread_blocked, id=43035, stack(0x000070000962d000,0x000070000972d000)]
  0x00007f9b50960600 JavaThread "Catalina-utility-2" [_thread_blocked, id=29715, stack(0x0000700009833000,0x0000700009933000)]
  0x00007f9b519c1600 JavaThread "container-0" [_thread_blocked, id=30471, stack(0x0000700009936000,0x0000700009a36000)]
  0x00007f9b4f9b2800 JavaThread "HikariPool-1 housekeeper" daemon [_thread_blocked, id=30991, stack(0x0000700009a39000,0x0000700009b39000)]
  0x00007f9b5099e400 JavaThread "http-nio-8082-exec-1" daemon [_thread_blocked, id=37411, stack(0x0000700009c3f000,0x0000700009d3f000)]
  0x00007f9b4fa0d400 JavaThread "http-nio-8082-exec-2" daemon [_thread_blocked, id=32003, stack(0x0000700009d42000,0x0000700009e42000)]
  0x00007f9b4fa0da00 JavaThread "http-nio-8082-exec-3" daemon [_thread_blocked, id=37123, stack(0x0000700009e45000,0x0000700009f45000)]
  0x00007f9b4fa4cc00 JavaThread "http-nio-8082-exec-4" daemon [_thread_blocked, id=32771, stack(0x0000700009f48000,0x000070000a048000)]
  0x00007f9b4fa4d200 JavaThread "http-nio-8082-exec-5" daemon [_thread_blocked, id=36867, stack(0x000070000a04b000,0x000070000a14b000)]
  0x00007f9b4fa4d800 JavaThread "http-nio-8082-exec-6" daemon [_thread_blocked, id=36355, stack(0x000070000a14e000,0x000070000a24e000)]
  0x00007f9b509e8600 JavaThread "http-nio-8082-exec-7" daemon [_thread_blocked, id=35843, stack(0x000070000a251000,0x000070000a351000)]
  0x00007f9b509e8c00 JavaThread "http-nio-8082-exec-8" daemon [_thread_blocked, id=35331, stack(0x000070000a354000,0x000070000a454000)]
  0x00007f9b509e9200 JavaThread "http-nio-8082-exec-9" daemon [_thread_blocked, id=35075, stack(0x000070000a457000,0x000070000a557000)]
  0x00007f9b519f6a00 JavaThread "http-nio-8082-exec-10" daemon [_thread_blocked, id=34819, stack(0x000070000a55a000,0x000070000a65a000)]
  0x00007f9b509e7c00 JavaThread "http-nio-8082-Poller" daemon [_thread_in_native, id=34307, stack(0x000070000a65d000,0x000070000a75d000)]
  0x00007f9b51826c00 JavaThread "http-nio-8082-Acceptor" daemon [_thread_in_native, id=34051, stack(0x000070000a760000,0x000070000a860000)]
  0x00007f9b4f82f800 JavaThread "DestroyJavaVM" [_thread_blocked, id=6147, stack(0x000070000774d000,0x000070000784d000)]
  0x00007f9b51bf9a00 JavaThread "HikariPool-1 connection closer" daemon [_thread_blocked, id=86599, stack(0x00007000080eb000,0x00007000081eb000)]
  0x00007f9b519e2000 JavaThread "HikariPool-1 connection adder" daemon [_thread_blocked, id=38547, stack(0x0000700008803000,0x0000700008903000)]

Other Threads:
  0x00007f9b4f40e5d0 VMThread "VM Thread" [stack: 0x0000700007d5f000,0x0000700007e5f000] [id=16387]
  0x00007f9b4f550710 WatcherThread [stack: 0x0000700008c0f000,0x0000700008d0f000] [id=25859]
  0x00007f9b4f620a30 GCTaskThread "GC Thread#0" [stack: 0x0000700007850000,0x0000700007950000] [id=19715]
=>0x00007f9b4f57dde0 GCTaskThread "GC Thread#1" [stack: 0x0000700008d12000,0x0000700008e12000] [id=39427]
  0x00007f9b4f465110 GCTaskThread "GC Thread#2" [stack: 0x0000700008e15000,0x0000700008f15000] [id=26371]
  0x00007f9b4f728300 GCTaskThread "GC Thread#3" [stack: 0x0000700008f18000,0x0000700009018000] [id=26883]
  0x00007f9b4f50e060 ConcurrentGCThread "G1 Main Marker" [stack: 0x0000700007953000,0x0000700007a53000] [id=12291]
  0x00007f9b4f50ec50 ConcurrentGCThread "G1 Conc#0" [stack: 0x0000700007a56000,0x0000700007b56000] [id=18947]
  0x00007f9b4f639a10 ConcurrentGCThread "G1 Refine#0" [stack: 0x0000700007b59000,0x0000700007c59000] [id=18435]
  0x00007f9b4f466930 ConcurrentGCThread "G1 Refine#1" [stack: 0x000070000901b000,0x000070000911b000] [id=38915]
  0x00007f9b4f467130 ConcurrentGCThread "G1 Refine#2" [stack: 0x000070000911e000,0x000070000921e000] [id=27907]
  0x00007f9b4f50f980 ConcurrentGCThread "G1 Service" [stack: 0x0000700007c5c000,0x0000700007d5c000] [id=18179]

Threads with active compile tasks:

VM state: at safepoint (normal execution)

VM Mutex/Monitor currently owned by a thread:  ([mutex/lock_event])
[0x00007f9b4f508d10] Threads_lock - owner thread: 0x00007f9b4f40e5d0
[0x00007f9b4f5099e0] Heap_lock - owner thread: 0x00007f9b519e2000

Heap address: 0x0000000780000000, size: 2048 MB, Compressed Oops mode: Zero based, Oop shift amount: 3

CDS archive(s) mapped at: [0x0000000800000000-0x0000000800bd4000-0x0000000800bd4000), size 12402688, SharedBaseAddress: 0x0000000800000000, ArchiveRelocationMode: 0.
Compressed class space mapped at: 0x0000000800c00000-0x0000000840c00000, reserved size: 1073741824
Narrow klass base: 0x0000000800000000, Narrow klass shift: 0, Narrow klass range: 0x100000000

GC Precious Log:
 CPUs: 4 total, 4 available
 Memory: 8192M
 Large Page Support: Disabled
 NUMA Support: Disabled
 Compressed Oops: Enabled (Zero based)
 Heap Region Size: 1M
 Heap Min Capacity: 8M
 Heap Initial Capacity: 128M
 Heap Max Capacity: 2G
 Pre-touch: Disabled
 Parallel Workers: 4
 Concurrent Workers: 1
 Concurrent Refinement Workers: 4
 Periodic GC: Disabled

Heap:
 garbage-first heap   total 108544K, used 79504K [0x0000000780000000, 0x0000000800000000)
  region size 1024K, 44 young (45056K), 6 survivors (6144K)
 Metaspace       used 55597K, committed 56064K, reserved 1097728K
  class space    used 7850K, committed 8064K, reserved 1048576K

Heap Regions: E=young(eden), S=young(survivor), O=old, HS=humongous(starts), HC=humongous(continues), CS=collection set, F=free, OA=open archive, CA=closed archive, TAMS=top-at-mark-start (previous, next)
|   0|0x0000000780000000, 0x0000000780100000, 0x0000000780100000|100%|HS|  |TAMS 0x0000000780100000, 0x0000000780000000| Complete 
|   1|0x0000000780100000, 0x0000000780200000, 0x0000000780200000|100%| O|  |TAMS 0x0000000780200000, 0x0000000780100000| Untracked 
|   2|0x0000000780200000, 0x0000000780300000, 0x0000000780300000|100%| O|  |TAMS 0x0000000780300000, 0x0000000780200000| Untracked 
|   3|0x0000000780300000, 0x0000000780400000, 0x0000000780400000|100%| O|  |TAMS 0x0000000780400000, 0x0000000780300000| Untracked 
|   4|0x0000000780400000, 0x0000000780500000, 0x0000000780500000|100%| O|  |TAMS 0x0000000780500000, 0x0000000780400000| Untracked 
|   5|0x0000000780500000, 0x0000000780600000, 0x0000000780600000|100%| O|  |TAMS 0x0000000780600000, 0x0000000780500000| Untracked 
|   6|0x0000000780600000, 0x0000000780700000, 0x0000000780700000|100%| O|  |TAMS 0x0000000780700000, 0x0000000780600000| Untracked 
|   7|0x0000000780700000, 0x0000000780800000, 0x0000000780800000|100%| O|  |TAMS 0x0000000780800000, 0x0000000780700000| Untracked 
|   8|0x0000000780800000, 0x0000000780900000, 0x0000000780900000|100%| O|  |TAMS 0x0000000780900000, 0x0000000780800000| Untracked 
|   9|0x0000000780900000, 0x0000000780a00000, 0x0000000780a00000|100%| O|  |TAMS 0x0000000780900000, 0x0000000780900000| Untracked 
|  10|0x0000000780a00000, 0x0000000780b00000, 0x0000000780b00000|100%| O|  |TAMS 0x0000000780b00000, 0x0000000780a00000| Untracked 
|  11|0x0000000780b00000, 0x0000000780c00000, 0x0000000780c00000|100%| O|  |TAMS 0x0000000780c00000, 0x0000000780b00000| Untracked 
|  12|0x0000000780c00000, 0x0000000780d00000, 0x0000000780d00000|100%| O|  |TAMS 0x0000000780d00000, 0x0000000780c00000| Untracked 
|  13|0x0000000780d00000, 0x0000000780e00000, 0x0000000780e00000|100%| O|  |TAMS 0x0000000780e00000, 0x0000000780d00000| Untracked 
|  14|0x0000000780e00000, 0x0000000780f00000, 0x0000000780f00000|100%| O|  |TAMS 0x0000000780e00000, 0x0000000780e00000| Untracked 
|  15|0x0000000780f00000, 0x0000000781000000, 0x0000000781000000|100%| O|  |TAMS 0x0000000781000000, 0x0000000780f00000| Untracked 
|  16|0x0000000781000000, 0x0000000781100000, 0x0000000781100000|100%| O|  |TAMS 0x0000000781100000, 0x0000000781000000| Untracked 
|  17|0x0000000781100000, 0x0000000781200000, 0x0000000781200000|100%| O|  |TAMS 0x00000007811e5c00, 0x0000000781100000| Untracked 
|  18|0x0000000781200000, 0x0000000781300000, 0x0000000781300000|100%| O|  |TAMS 0x0000000781200000, 0x0000000781200000| Untracked 
|  19|0x0000000781300000, 0x0000000781400000, 0x0000000781400000|100%| O|  |TAMS 0x0000000781300000, 0x0000000781300000| Untracked 
|  20|0x0000000781400000, 0x0000000781500000, 0x0000000781500000|100%| O|  |TAMS 0x0000000781400000, 0x0000000781400000| Untracked 
|  21|0x0000000781500000, 0x0000000781600000, 0x0000000781600000|100%| O|  |TAMS 0x0000000781500000, 0x0000000781500000| Untracked 
|  22|0x0000000781600000, 0x0000000781700000, 0x0000000781700000|100%| O|  |TAMS 0x0000000781600000, 0x0000000781600000| Untracked 
|  23|0x0000000781700000, 0x0000000781800000, 0x0000000781800000|100%| O|  |TAMS 0x0000000781700000, 0x0000000781700000| Untracked 
|  24|0x0000000781800000, 0x0000000781900000, 0x0000000781900000|100%| O|  |TAMS 0x0000000781800000, 0x0000000781800000| Untracked 
|  25|0x0000000781900000, 0x0000000781a00000, 0x0000000781a00000|100%| O|  |TAMS 0x0000000781900000, 0x0000000781900000| Untracked 
|  26|0x0000000781a00000, 0x0000000781b00000, 0x0000000781b00000|100%| O|  |TAMS 0x0000000781a00000, 0x0000000781a00000| Untracked 
|  27|0x0000000781b00000, 0x0000000781c00000, 0x0000000781c00000|100%| O|  |TAMS 0x0000000781b00000, 0x0000000781b00000| Untracked 
|  28|0x0000000781c00000, 0x0000000781d00000, 0x0000000781d00000|100%| O|  |TAMS 0x0000000781c00000, 0x0000000781c00000| Untracked 
|  29|0x0000000781d00000, 0x0000000781e00000, 0x0000000781e00000|100%| O|  |TAMS 0x0000000781d00000, 0x0000000781d00000| Untracked 
|  30|0x0000000781e00000, 0x0000000781f00000, 0x0000000781f00000|100%| O|  |TAMS 0x0000000781e00000, 0x0000000781e00000| Untracked 
|  31|0x0000000781f00000, 0x0000000782000000, 0x0000000782000000|100%| O|  |TAMS 0x0000000781f00000, 0x0000000781f00000| Untracked 
|  32|0x0000000782000000, 0x0000000782100000, 0x0000000782100000|100%| O|  |TAMS 0x0000000782000000, 0x0000000782000000| Untracked 
|  33|0x0000000782100000, 0x0000000782200000, 0x0000000782200000|100%| O|  |TAMS 0x0000000782100000, 0x0000000782100000| Untracked 
|  34|0x0000000782200000, 0x0000000782300000, 0x0000000782300000|100%| O|  |TAMS 0x0000000782200000, 0x0000000782200000| Untracked 
|  35|0x0000000782300000, 0x0000000782400000, 0x0000000782400000|100%| O|  |TAMS 0x0000000782300000, 0x0000000782300000| Untracked 
|  36|0x0000000782400000, 0x0000000782500000, 0x0000000782500000|100%| O|  |TAMS 0x0000000782400000, 0x0000000782400000| Untracked 
|  37|0x0000000782500000, 0x0000000782600000, 0x0000000782600000|100%| O|  |TAMS 0x0000000782500000, 0x0000000782500000| Untracked 
|  38|0x0000000782600000, 0x0000000782700000, 0x0000000782700000|100%| O|  |TAMS 0x0000000782600000, 0x0000000782600000| Untracked 
|  39|0x0000000782700000, 0x0000000782788ad0, 0x0000000782800000| 53%| O|  |TAMS 0x0000000782700000, 0x0000000782700000| Untracked 
|  40|0x0000000782800000, 0x0000000782800000, 0x0000000782900000|  0%| F|  |TAMS 0x0000000782800000, 0x0000000782800000| Untracked 
|  41|0x0000000782900000, 0x0000000782900000, 0x0000000782a00000|  0%| F|  |TAMS 0x0000000782900000, 0x0000000782900000| Untracked 
|  42|0x0000000782a00000, 0x0000000782a00000, 0x0000000782b00000|  0%| F|  |TAMS 0x0000000782a00000, 0x0000000782a00000| Untracked 
|  43|0x0000000782b00000, 0x0000000782b00000, 0x0000000782c00000|  0%| F|  |TAMS 0x0000000782b00000, 0x0000000782b00000| Untracked 
|  44|0x0000000782c00000, 0x0000000782d00000, 0x0000000782d00000|100%| E|CS|TAMS 0x0000000782c00000, 0x0000000782c00000| Complete 
|  45|0x0000000782d00000, 0x0000000782e00000, 0x0000000782e00000|100%| E|CS|TAMS 0x0000000782d00000, 0x0000000782d00000| Complete 
|  46|0x0000000782e00000, 0x0000000782f00000, 0x0000000782f00000|100%| E|CS|TAMS 0x0000000782e00000, 0x0000000782e00000| Complete 
|  47|0x0000000782f00000, 0x0000000783000000, 0x0000000783000000|100%| E|CS|TAMS 0x0000000782f00000, 0x0000000782f00000| Complete 
|  48|0x0000000783000000, 0x0000000783100000, 0x0000000783100000|100%| E|CS|TAMS 0x0000000783000000, 0x0000000783000000| Complete 
|  49|0x0000000783100000, 0x0000000783200000, 0x0000000783200000|100%| E|CS|TAMS 0x0000000783100000, 0x0000000783100000| Complete 
|  50|0x0000000783200000, 0x0000000783300000, 0x0000000783300000|100%| E|CS|TAMS 0x0000000783200000, 0x0000000783200000| Complete 
|  51|0x0000000783300000, 0x0000000783300000, 0x0000000783400000|  0%| F|  |TAMS 0x0000000783300000, 0x0000000783300000| Untracked 
|  52|0x0000000783400000, 0x0000000783400000, 0x0000000783500000|  0%| F|  |TAMS 0x0000000783400000, 0x0000000783400000| Untracked 
|  53|0x0000000783500000, 0x0000000783500000, 0x0000000783600000|  0%| F|  |TAMS 0x0000000783500000, 0x0000000783500000| Untracked 
|  54|0x0000000783600000, 0x0000000783600000, 0x0000000783700000|  0%| F|  |TAMS 0x0000000783600000, 0x0000000783600000| Untracked 
|  55|0x0000000783700000, 0x0000000783700000, 0x0000000783800000|  0%| F|  |TAMS 0x0000000783700000, 0x0000000783700000| Untracked 
|  56|0x0000000783800000, 0x0000000783800000, 0x0000000783900000|  0%| F|  |TAMS 0x0000000783800000, 0x0000000783800000| Untracked 
|  57|0x0000000783900000, 0x0000000783900000, 0x0000000783a00000|  0%| F|  |TAMS 0x0000000783900000, 0x0000000783900000| Untracked 
|  58|0x0000000783a00000, 0x0000000783a00000, 0x0000000783b00000|  0%| F|  |TAMS 0x0000000783a00000, 0x0000000783a00000| Untracked 
|  59|0x0000000783b00000, 0x0000000783b00000, 0x0000000783c00000|  0%| F|  |TAMS 0x0000000783b00000, 0x0000000783b00000| Untracked 
|  60|0x0000000783c00000, 0x0000000783d00000, 0x0000000783d00000|100%| S|  |TAMS 0x0000000783c00000, 0x0000000783c00000| Complete 
|  61|0x0000000783d00000, 0x0000000783e00000, 0x0000000783e00000|100%| S|  |TAMS 0x0000000783d00000, 0x0000000783d00000| Complete 
|  62|0x0000000783e00000, 0x0000000783f00000, 0x0000000783f00000|100%| S|  |TAMS 0x0000000783e00000, 0x0000000783e00000| Complete 
|  63|0x0000000783f00000, 0x0000000784000000, 0x0000000784000000|100%| S|  |TAMS 0x0000000783f00000, 0x0000000783f00000| Complete 
|  64|0x0000000784000000, 0x0000000784100000, 0x0000000784100000|100%| S|  |TAMS 0x0000000784000000, 0x0000000784000000| Complete 
|  65|0x0000000784100000, 0x0000000784200000, 0x0000000784200000|100%| S|  |TAMS 0x0000000784100000, 0x0000000784100000| Complete 
|  66|0x0000000784200000, 0x0000000784300000, 0x0000000784300000|100%| E|CS|TAMS 0x0000000784200000, 0x0000000784200000| Complete 
|  67|0x0000000784300000, 0x0000000784400000, 0x0000000784400000|100%| E|CS|TAMS 0x0000000784300000, 0x0000000784300000| Complete 
|  68|0x0000000784400000, 0x0000000784500000, 0x0000000784500000|100%| E|CS|TAMS 0x0000000784400000, 0x0000000784400000| Complete 
|  69|0x0000000784500000, 0x0000000784600000, 0x0000000784600000|100%| E|CS|TAMS 0x0000000784500000, 0x0000000784500000| Complete 
|  70|0x0000000784600000, 0x0000000784700000, 0x0000000784700000|100%| E|CS|TAMS 0x0000000784600000, 0x0000000784600000| Complete 
|  71|0x0000000784700000, 0x0000000784800000, 0x0000000784800000|100%| E|CS|TAMS 0x0000000784700000, 0x0000000784700000| Complete 
|  72|0x0000000784800000, 0x0000000784900000, 0x0000000784900000|100%| E|CS|TAMS 0x0000000784800000, 0x0000000784800000| Complete 
|  73|0x0000000784900000, 0x0000000784a00000, 0x0000000784a00000|100%| E|CS|TAMS 0x0000000784900000, 0x0000000784900000| Complete 
|  74|0x0000000784a00000, 0x0000000784b00000, 0x0000000784b00000|100%| E|CS|TAMS 0x0000000784a00000, 0x0000000784a00000| Complete 
|  75|0x0000000784b00000, 0x0000000784c00000, 0x0000000784c00000|100%| E|CS|TAMS 0x0000000784b00000, 0x0000000784b00000| Complete 
|  76|0x0000000784c00000, 0x0000000784d00000, 0x0000000784d00000|100%| E|CS|TAMS 0x0000000784c00000, 0x0000000784c00000| Complete 
|  77|0x0000000784d00000, 0x0000000784e00000, 0x0000000784e00000|100%| E|CS|TAMS 0x0000000784d00000, 0x0000000784d00000| Complete 
|  78|0x0000000784e00000, 0x0000000784f00000, 0x0000000784f00000|100%| E|CS|TAMS 0x0000000784e00000, 0x0000000784e00000| Complete 
|  79|0x0000000784f00000, 0x0000000785000000, 0x0000000785000000|100%| E|CS|TAMS 0x0000000784f00000, 0x0000000784f00000| Complete 
|  80|0x0000000785000000, 0x0000000785100000, 0x0000000785100000|100%| E|CS|TAMS 0x0000000785000000, 0x0000000785000000| Complete 
|  81|0x0000000785100000, 0x0000000785200000, 0x0000000785200000|100%| E|CS|TAMS 0x0000000785100000, 0x0000000785100000| Complete 
|  82|0x0000000785200000, 0x0000000785300000, 0x0000000785300000|100%| E|CS|TAMS 0x0000000785200000, 0x0000000785200000| Complete 
|  83|0x0000000785300000, 0x0000000785400000, 0x0000000785400000|100%| E|CS|TAMS 0x0000000785300000, 0x0000000785300000| Complete 
|  84|0x0000000785400000, 0x0000000785500000, 0x0000000785500000|100%| E|CS|TAMS 0x0000000785400000, 0x0000000785400000| Complete 
|  85|0x0000000785500000, 0x0000000785600000, 0x0000000785600000|100%| E|CS|TAMS 0x0000000785500000, 0x0000000785500000| Complete 
|  86|0x0000000785600000, 0x0000000785700000, 0x0000000785700000|100%| E|CS|TAMS 0x0000000785600000, 0x0000000785600000| Complete 
|  87|0x0000000785700000, 0x0000000785800000, 0x0000000785800000|100%| E|CS|TAMS 0x0000000785700000, 0x0000000785700000| Complete 
|  88|0x0000000785800000, 0x0000000785900000, 0x0000000785900000|100%| E|CS|TAMS 0x0000000785800000, 0x0000000785800000| Complete 
|  89|0x0000000785900000, 0x0000000785a00000, 0x0000000785a00000|100%| E|CS|TAMS 0x0000000785900000, 0x0000000785900000| Complete 
|  90|0x0000000785a00000, 0x0000000785b00000, 0x0000000785b00000|100%| E|CS|TAMS 0x0000000785a00000, 0x0000000785a00000| Complete 
|  91|0x0000000785b00000, 0x0000000785c00000, 0x0000000785c00000|100%| E|CS|TAMS 0x0000000785b00000, 0x0000000785b00000| Complete 
|  92|0x0000000785c00000, 0x0000000785d00000, 0x0000000785d00000|100%| E|CS|TAMS 0x0000000785c00000, 0x0000000785c00000| Complete 
|  93|0x0000000785d00000, 0x0000000785e00000, 0x0000000785e00000|100%| E|CS|TAMS 0x0000000785d00000, 0x0000000785d00000| Complete 
|  94|0x0000000785e00000, 0x0000000785f00000, 0x0000000785f00000|100%| E|CS|TAMS 0x0000000785e00000, 0x0000000785e00000| Complete 
|  95|0x0000000785f00000, 0x0000000786000000, 0x0000000786000000|100%| E|CS|TAMS 0x0000000785f00000, 0x0000000785f00000| Complete 
|  96|0x0000000786000000, 0x0000000786100000, 0x0000000786100000|100%| E|CS|TAMS 0x0000000786000000, 0x0000000786000000| Complete 
|  97|0x0000000786100000, 0x0000000786200000, 0x0000000786200000|100%| E|CS|TAMS 0x0000000786100000, 0x0000000786100000| Complete 
| 119|0x0000000787700000, 0x0000000787800000, 0x0000000787800000|100%| E|CS|TAMS 0x0000000787700000, 0x0000000787700000| Complete 
| 120|0x0000000787800000, 0x0000000787900000, 0x0000000787900000|100%| E|CS|TAMS 0x0000000787800000, 0x0000000787800000| Complete 
| 121|0x0000000787900000, 0x0000000787a00000, 0x0000000787a00000|100%| E|CS|TAMS 0x0000000787900000, 0x0000000787900000| Complete 
| 122|0x0000000787a00000, 0x0000000787b00000, 0x0000000787b00000|100%| E|CS|TAMS 0x0000000787a00000, 0x0000000787a00000| Complete 
| 123|0x0000000787b00000, 0x0000000787c00000, 0x0000000787c00000|100%| E|CS|TAMS 0x0000000787b00000, 0x0000000787b00000| Complete 
| 127|0x0000000787f00000, 0x0000000788000000, 0x0000000788000000|100%| E|CS|TAMS 0x0000000787f00000, 0x0000000787f00000| Complete 
|2046|0x00000007ffe00000, 0x00000007ffe76000, 0x00000007fff00000| 46%|OA|  |TAMS 0x00000007ffe76000, 0x00000007ffe00000| Untracked 
|2047|0x00000007fff00000, 0x00000007fff7f000, 0x0000000800000000| 49%|CA|  |TAMS 0x00000007fff7f000, 0x00000007fff00000| Untracked 

Card table byte_map: [0x000000010b474000,0x000000010b874000] _byte_map_base: 0x0000000107874000

Marking Bits (Prev, Next): (CMBitMap*) 0x00007f9b51816410, (CMBitMap*) 0x00007f9b51816450
 Prev Bits: [0x00000001167b4000, 0x00000001187b4000)
 Next Bits: [0x00000001187b4000, 0x000000011a7b4000)

Polling page: 0x0000000107e0a000

Metaspace:

Usage:
  Non-class:     46.63 MB used.
      Class:      7.67 MB used.
       Both:     54.29 MB used.

Virtual space:
  Non-class space:       48.00 MB reserved,      46.88 MB ( 98%) committed,  6 nodes.
      Class space:        1.00 GB reserved,       7.88 MB ( <1%) committed,  1 nodes.
             Both:        1.05 GB reserved,      54.75 MB (  5%) committed. 

Chunk freelists:
   Non-Class:  903.00 KB
       Class:  162.00 KB
        Both:  1.04 MB

MaxMetaspaceSize: unlimited
CompressedClassSpaceSize: 1.00 GB
Initial GC threshold: 21.00 MB
Current GC threshold: 59.06 MB
CDS: on
MetaspaceReclaimPolicy: balanced
 - commit_granule_bytes: 65536.
 - commit_granule_words: 8192.
 - virtual_space_node_default_size: 1048576.
 - enlarge_chunks_in_place: 1.
 - new_chunks_are_fully_committed: 0.
 - uncommit_free_chunks: 1.
 - use_allocation_guard: 0.
 - handle_deallocations: 1.


Internal statistics:

num_allocs_failed_limit: 6.
num_arena_births: 672.
num_arena_deaths: 0.
num_vsnodes_births: 7.
num_vsnodes_deaths: 0.
num_space_committed: 876.
num_space_uncommitted: 0.
num_chunks_returned_to_freelist: 6.
num_chunks_taken_from_freelist: 2776.
num_chunk_merges: 6.
num_chunk_splits: 1934.
num_chunks_enlarged: 1466.
num_purges: 0.
num_inconsistent_stats: 0.

CodeCache: size=49152Kb used=12833Kb max_used=13335Kb free=36318Kb
 bounds [0x00000001137b4000, 0x0000000114544000, 0x00000001167b4000]
 total_blobs=7875 nmethods=7241 adapters=561
 compilation: enabled
              stopped_count=0, restarted_count=0
 full_count=0

Compilation events (20 events):
Event: 66629.068 Thread 0x00007f9b4f818200 7240       1       com.zaxxer.hikari.pool.HikariPool::lambda$closeConnection$1 (18 bytes)
Event: 66629.069 Thread 0x00007f9b4f818200 nmethod 7240 0x0000000114498f90 code [0x0000000114499140, 0x0000000114499250]
Event: 66629.069 Thread 0x00007f9b4f818200 7241   !   1       com.zaxxer.hikari.pool.PoolBase::quietlyCloseConnection (113 bytes)
Event: 66629.078 Thread 0x00007f9b4f818200 nmethod 7241 0x0000000114497d10 code [0x0000000114497f80, 0x0000000114498a40]
Event: 66629.078 Thread 0x00007f9b4f818200 7242   !   1       sun.nio.cs.StreamEncoder::close (48 bytes)
Event: 66629.079 Thread 0x00007f9b4f818200 nmethod 7242 0x0000000114497790 code [0x0000000114497940, 0x0000000114497bc0]
Event: 66629.079 Thread 0x00007f9b4f818200 7243   !   1       sun.nio.cs.StreamEncoder::implClose (148 bytes)
Event: 66629.085 Thread 0x00007f9b4f818200 nmethod 7243 0x0000000114496e90 code [0x00000001144970c0, 0x0000000114497420]
Event: 66629.085 Thread 0x00007f9b4f818200 7244       1       sun.nio.cs.StreamEncoder::flushLeftoverChar (243 bytes)
Event: 66629.095 Thread 0x00007f9b4f818200 nmethod 7244 0x0000000114496090 code [0x0000000114496300, 0x0000000114496aa0]
Event: 66629.095 Thread 0x00007f9b4f818200 7245       1       org.postgresql.core.PGStream$1::close (5 bytes)
Event: 66629.095 Thread 0x00007f9b4f818200 nmethod 7245 0x0000000114495d10 code [0x0000000114495ec0, 0x0000000114495fa0]
Event: 66629.095 Thread 0x00007f9b4f818200 7246   !   1       java.io.FilterOutputStream::close (183 bytes)
Event: 66629.096 Thread 0x00007f9b4f818200 nmethod 7246 0x0000000114495390 code [0x00000001144955a0, 0x0000000114495a90]
Event: 66629.096 Thread 0x00007f9b4f818200 7247       1       java.net.Socket$SocketOutputStream::close (8 bytes)
Event: 66629.096 Thread 0x00007f9b4f818200 nmethod 7247 0x0000000114495090 code [0x0000000114495240, 0x0000000114495320]
Event: 66629.096 Thread 0x00007f9b4f818200 7248       1       java.net.SocksSocketImpl::close (27 bytes)
Event: 66629.096 Thread 0x00007f9b4f818200 nmethod 7248 0x0000000114494d10 code [0x0000000114494ec0, 0x0000000114495010]
Event: 66629.096 Thread 0x00007f9b4f818200 7249       1       java.net.Socket$SocketInputStream::close (8 bytes)
Event: 66629.096 Thread 0x00007f9b4f818200 nmethod 7249 0x0000000114494a10 code [0x0000000114494bc0, 0x0000000114494ca0]

GC Heap History (20 events):
Event: 9.380 GC heap after
{Heap after GC invocations=9 (full 0):
 garbage-first heap   total 61440K, used 20135K [0x0000000780000000, 0x0000000800000000)
  region size 1024K, 2 young (2048K), 2 survivors (2048K)
 Metaspace       used 33347K, committed 33728K, reserved 1081344K
  class space    used 4675K, committed 4864K, reserved 1048576K
}
Event: 9.702 GC heap before
{Heap before GC invocations=9 (full 0):
 garbage-first heap   total 61440K, used 27303K [0x0000000780000000, 0x0000000800000000)
  region size 1024K, 11 young (11264K), 2 survivors (2048K)
 Metaspace       used 35604K, committed 35968K, reserved 1081344K
  class space    used 4920K, committed 5120K, reserved 1048576K
}
Event: 9.706 GC heap after
{Heap after GC invocations=10 (full 0):
 garbage-first heap   total 61440K, used 20770K [0x0000000780000000, 0x0000000800000000)
  region size 1024K, 3 young (3072K), 3 survivors (3072K)
 Metaspace       used 35604K, committed 35968K, reserved 1081344K
  class space    used 4920K, committed 5120K, reserved 1048576K
}
Event: 10.906 GC heap before
{Heap before GC invocations=11 (full 0):
 garbage-first heap   total 61440K, used 45346K [0x0000000780000000, 0x0000000800000000)
  region size 1024K, 28 young (28672K), 3 survivors (3072K)
 Metaspace       used 40078K, committed 40448K, reserved 1089536K
  class space    used 5710K, committed 5888K, reserved 1048576K
}
Event: 10.914 GC heap after
{Heap after GC invocations=12 (full 0):
 garbage-first heap   total 61440K, used 22034K [0x0000000780000000, 0x0000000800000000)
  region size 1024K, 2 young (2048K), 2 survivors (2048K)
 Metaspace       used 40078K, committed 40448K, reserved 1089536K
  class space    used 5710K, committed 5888K, reserved 1048576K
}
Event: 10.961 GC heap before
{Heap before GC invocations=12 (full 0):
 garbage-first heap   total 61440K, used 22034K [0x0000000780000000, 0x0000000800000000)
  region size 1024K, 3 young (3072K), 2 survivors (2048K)
 Metaspace       used 40215K, committed 40576K, reserved 1089536K
  class space    used 5728K, committed 5888K, reserved 1048576K
}
Event: 10.968 GC heap after
{Heap after GC invocations=13 (full 0):
 garbage-first heap   total 61440K, used 21897K [0x0000000780000000, 0x0000000800000000)
  region size 1024K, 1 young (1024K), 1 survivors (1024K)
 Metaspace       used 40215K, committed 40576K, reserved 1089536K
  class space    used 5728K, committed 5888K, reserved 1048576K
}
Event: 11.472 GC heap before
{Heap before GC invocations=13 (full 0):
 garbage-first heap   total 61440K, used 46473K [0x0000000780000000, 0x0000000800000000)
  region size 1024K, 25 young (25600K), 1 survivors (1024K)
 Metaspace       used 42753K, committed 43200K, reserved 1089536K
  class space    used 6118K, committed 6336K, reserved 1048576K
}
Event: 11.477 GC heap after
{Heap after GC invocations=14 (full 0):
 garbage-first heap   total 61440K, used 22997K [0x0000000780000000, 0x0000000800000000)
  region size 1024K, 2 young (2048K), 2 survivors (2048K)
 Metaspace       used 42753K, committed 43200K, reserved 1089536K
  class space    used 6118K, committed 6336K, reserved 1048576K
}
Event: 11.988 GC heap before
{Heap before GC invocations=14 (full 0):
 garbage-first heap   total 61440K, used 46549K [0x0000000780000000, 0x0000000800000000)
  region size 1024K, 25 young (25600K), 2 survivors (2048K)
 Metaspace       used 44155K, committed 44544K, reserved 1089536K
  class space    used 6307K, committed 6464K, reserved 1048576K
}
Event: 11.993 GC heap after
{Heap after GC invocations=15 (full 0):
 garbage-first heap   total 61440K, used 24327K [0x0000000780000000, 0x0000000800000000)
  region size 1024K, 3 young (3072K), 3 survivors (3072K)
 Metaspace       used 44155K, committed 44544K, reserved 1089536K
  class space    used 6307K, committed 6464K, reserved 1048576K
}
Event: 12.879 GC heap before
{Heap before GC invocations=15 (full 0):
 garbage-first heap   total 61440K, used 47879K [0x0000000780000000, 0x0000000800000000)
  region size 1024K, 26 young (26624K), 3 survivors (3072K)
 Metaspace       used 47322K, committed 47808K, reserved 1097728K
  class space    used 6764K, committed 6976K, reserved 1048576K
}
Event: 12.887 GC heap after
{Heap after GC invocations=16 (full 0):
 garbage-first heap   total 61440K, used 26703K [0x0000000780000000, 0x0000000800000000)
  region size 1024K, 4 young (4096K), 4 survivors (4096K)
 Metaspace       used 47322K, committed 47808K, reserved 1097728K
  class space    used 6764K, committed 6976K, reserved 1048576K
}
Event: 13.477 GC heap before
{Heap before GC invocations=16 (full 0):
 garbage-first heap   total 61440K, used 48207K [0x0000000780000000, 0x0000000800000000)
  region size 1024K, 25 young (25600K), 4 survivors (4096K)
 Metaspace       used 49711K, committed 50240K, reserved 1097728K
  class space    used 7121K, committed 7360K, reserved 1048576K
}
Event: 13.487 GC heap after
{Heap after GC invocations=17 (full 0):
 garbage-first heap   total 61440K, used 28354K [0x0000000780000000, 0x0000000800000000)
  region size 1024K, 2 young (2048K), 2 survivors (2048K)
 Metaspace       used 49711K, committed 50240K, reserved 1097728K
  class space    used 7121K, committed 7360K, reserved 1048576K
}
Event: 26.912 GC heap before
{Heap before GC invocations=17 (full 0):
 garbage-first heap   total 61440K, used 47810K [0x0000000780000000, 0x0000000800000000)
  region size 1024K, 22 young (22528K), 2 survivors (2048K)
 Metaspace       used 54286K, committed 54720K, reserved 1097728K
  class space    used 7678K, committed 7872K, reserved 1048576K
}
Event: 26.919 GC heap after
{Heap after GC invocations=18 (full 0):
 garbage-first heap   total 108544K, used 29032K [0x0000000780000000, 0x0000000800000000)
  region size 1024K, 3 young (3072K), 3 survivors (3072K)
 Metaspace       used 54286K, committed 54720K, reserved 1097728K
  class space    used 7678K, committed 7872K, reserved 1048576K
}
Event: 34584.394 GC heap before
{Heap before GC invocations=18 (full 0):
 garbage-first heap   total 108544K, used 83304K [0x0000000780000000, 0x0000000800000000)
  region size 1024K, 56 young (57344K), 3 survivors (3072K)
 Metaspace       used 55596K, committed 56064K, reserved 1097728K
  class space    used 7850K, committed 8064K, reserved 1048576K
}
Event: 34584.783 GC heap after
{Heap after GC invocations=19 (full 0):
 garbage-first heap   total 108544K, used 40592K [0x0000000780000000, 0x0000000800000000)
  region size 1024K, 7 young (7168K), 7 survivors (7168K)
 Metaspace       used 55596K, committed 56064K, reserved 1097728K
  class space    used 7850K, committed 8064K, reserved 1048576K
}
Event: 66657.743 GC heap before
{Heap before GC invocations=19 (full 0):
 garbage-first heap   total 108544K, used 79504K [0x0000000780000000, 0x0000000800000000)
  region size 1024K, 45 young (46080K), 7 survivors (7168K)
 Metaspace       used 55597K, committed 56064K, reserved 1097728K
  class space    used 7850K, committed 8064K, reserved 1048576K
}

Deoptimization events (16 events):
Event: 1.988 Thread 0x00007f9b5000a000 DEOPT PACKING pc=0x00000001139f0c01 sp=0x000070000784b020
Event: 1.988 Thread 0x00007f9b5000a000 DEOPT UNPACKING pc=0x000000011380682f sp=0x000070000784a498 mode 3
Event: 4.124 Thread 0x00007f9b5000a000 DEOPT PACKING pc=0x0000000113c09191 sp=0x000070000784aa80
Event: 4.124 Thread 0x00007f9b5000a000 DEOPT UNPACKING pc=0x000000011380682f sp=0x0000700007849f80 mode 3
Event: 6.166 Thread 0x00007f9b5000a000 DEOPT PACKING pc=0x0000000113c49f64 sp=0x000070000784b4b0
Event: 6.166 Thread 0x00007f9b5000a000 DEOPT UNPACKING pc=0x000000011380682f sp=0x000070000784aa28 mode 0
Event: 6.517 Thread 0x00007f9b5000a000 DEOPT PACKING pc=0x0000000113e5a981 sp=0x000070000784b700
Event: 6.517 Thread 0x00007f9b5000a000 DEOPT UNPACKING pc=0x000000011380682f sp=0x000070000784ab90 mode 3
Event: 11.450 Thread 0x00007f9b5000a000 DEOPT PACKING pc=0x0000000113c22268 sp=0x0000700007849d20
Event: 11.450 Thread 0x00007f9b5000a000 DEOPT UNPACKING pc=0x000000011380682f sp=0x0000700007849258 mode 3
Event: 11.521 Thread 0x00007f9b5000a000 DEOPT PACKING pc=0x0000000114092611 sp=0x000070000784a430
Event: 11.521 Thread 0x00007f9b5000a000 DEOPT UNPACKING pc=0x000000011380682f sp=0x0000700007849930 mode 3
Event: 12.254 Thread 0x00007f9b5000a000 DEOPT PACKING pc=0x00000001140e4784 sp=0x000070000784b850
Event: 12.254 Thread 0x00007f9b5000a000 DEOPT UNPACKING pc=0x000000011380682f sp=0x000070000784ae00 mode 0
Event: 10690.940 Thread 0x00007f9b51901000 DEOPT PACKING pc=0x000000011433f687 sp=0x0000700009422bd0
Event: 10690.940 Thread 0x00007f9b51901000 DEOPT UNPACKING pc=0x000000011380682f sp=0x00007000094221a0 mode 3

Classes unloaded (0 events):
No events

Classes redefined (0 events):
No events

Internal exceptions (20 events):
Event: 12.542 Thread 0x00007f9b5000a000 Exception <a 'java/lang/ClassNotFoundException'{0x0000000782c5a8d8}: org/springframework/security/config/annotation/web/configuration/HttpSecurityConfigurationCustomizer> (0x0000000782c5a8d8) 
thrown [open/src/hotspot/share/classfile/systemDictionary.cpp, line 256]
Event: 12.754 Thread 0x00007f9b5000a000 Exception <a 'java/lang/NoSuchMethodError'{0x00000007826fc830}: 'void java.lang.invoke.DirectMethodHandle$Holder.invokeVirtual(java.lang.Object, java.lang.Object, int)'> (0x00000007826fc830) 
thrown [open/src/hotspot/share/interpreter/linkResolver.cpp, line 766]
Event: 12.757 Thread 0x00007f9b5000a000 Exception <a 'java/lang/NoSuchMethodError'{0x0000000782517420}: 'void java.lang.invoke.DirectMethodHandle$Holder.invokeVirtual(java.lang.Object, java.lang.Object, long)'> (0x0000000782517420) 
thrown [open/src/hotspot/share/interpreter/linkResolver.cpp, line 766]
Event: 12.945 Thread 0x00007f9b5000a000 Exception <a 'java/lang/IncompatibleClassChangeError'{0x0000000787b79498}: Found class java.lang.Object, but interface was expected> (0x0000000787b79498) 
thrown [open/src/hotspot/share/interpreter/linkResolver.cpp, line 833]
Event: 12.985 Thread 0x00007f9b5000a000 Exception <a 'java/lang/NoSuchMethodError'{0x0000000787abf170}: 'int java.lang.invoke.DirectMethodHandle$Holder.invokeStaticInit(java.lang.Object, java.lang.Object, java.lang.Object, java.lang.Object)'> (0x0000000787abf170) 
thrown [open/src/hotspot/share/interpreter/linkResolver.cpp, line 766]
Event: 13.118 Thread 0x00007f9b5000a000 Exception <a 'java/lang/NoSuchMethodError'{0x0000000782eab100}: 'java.lang.Object java.lang.invoke.DirectMethodHandle$Holder.invokeSpecial(java.lang.Object, java.lang.Object, int, java.lang.Object, int, java.lang.Object)'> (0x0000000782eab100) 
thrown [open/src/hotspot/share/interpreter/linkResolver.cpp, line 766]
Event: 13.119 Thread 0x00007f9b5000a000 Exception <a 'java/lang/NoSuchMethodError'{0x0000000782eb2f00}: 'java.lang.Object java.lang.invoke.DirectMethodHandle$Holder.newInvokeSpecial(java.lang.Object, java.lang.Object, int, java.lang.Object, int)'> (0x0000000782eb2f00) 
thrown [open/src/hotspot/share/interpreter/linkResolver.cpp, line 766]
Event: 13.119 Thread 0x00007f9b5000a000 Exception <a 'java/lang/NoSuchMethodError'{0x0000000782eb7000}: 'java.lang.Object java.lang.invoke.DirectMethodHandle$Holder.invokeSpecial(java.lang.Object, java.lang.Object, java.lang.Object, int, java.lang.Object, int)'> (0x0000000782eb7000) 
thrown [open/src/hotspot/share/interpreter/linkResolver.cpp, line 766]
Event: 13.121 Thread 0x00007f9b5000a000 Exception <a 'java/lang/NoSuchMethodError'{0x0000000782ec1200}: 'void java.lang.invoke.DirectMethodHandle$Holder.invokeVirtual(java.lang.Object, java.lang.Object)'> (0x0000000782ec1200) 
thrown [open/src/hotspot/share/interpreter/linkResolver.cpp, line 766]
Event: 26.857 Thread 0x00007f9b5099e400 Exception <a 'java/lang/ClassNotFoundException'{0x00000007826114e0}: java/lang/ObjectCustomizer> (0x00000007826114e0) 
thrown [open/src/hotspot/share/classfile/systemDictionary.cpp, line 256]
Event: 26.858 Thread 0x00007f9b5099e400 Exception <a 'java/lang/ClassNotFoundException'{0x000000078261c4b0}: com/sanalyapp/sanaly/model/AppUserCustomizer> (0x000000078261c4b0) 
thrown [open/src/hotspot/share/classfile/systemDictionary.cpp, line 256]
Event: 29.649 Thread 0x00007f9b4fa0d400 Exception <a 'java/lang/NoSuchMethodError'{0x0000000787bc59d0}: 'java.lang.Object java.lang.invoke.DirectMethodHandle$Holder.invokeInterface(java.lang.Object, java.lang.Object, java.lang.Object, java.lang.Object)'> (0x0000000787bc59d0) 
thrown [open/src/hotspot/share/interpreter/linkResolver.cpp, line 766]
Event: 29.658 Thread 0x00007f9b4fa0d400 Exception <a 'java/lang/NoSuchMethodError'{0x0000000787a0e608}: 'java.lang.Object java.lang.invoke.DirectMethodHandle$Holder.invokeStaticInit(java.lang.Object, java.lang.Object, java.lang.Object, java.lang.Object, java.lang.Object, java.lang.Object)'> (0x0000000787a0e608) 
thrown [open/src/hotspot/share/interpreter/linkResolver.cpp, line 766]
Event: 50.813 Thread 0x00007f9b509e8c00 Exception <a 'java/lang/ClassNotFoundException'{0x000000078616b658}: java/lang/ObjectCustomizer> (0x000000078616b658) 
thrown [open/src/hotspot/share/classfile/systemDictionary.cpp, line 256]
Event: 50.814 Thread 0x00007f9b509e8c00 Exception <a 'java/lang/ClassNotFoundException'{0x00000007861765d0}: com/sanalyapp/sanaly/model/AccountCustomizer> (0x00000007861765d0) 
thrown [open/src/hotspot/share/classfile/systemDictionary.cpp, line 256]
Event: 53.260 Thread 0x00007f9b509e9200 Exception <a 'java/lang/NoSuchMethodError'{0x000000078605b6d8}: 'java.lang.Object java.lang.invoke.DirectMethodHandle$Holder.invokeSpecial(java.lang.Object, java.lang.Object, long, java.lang.Object, java.lang.Object, java.lang.Object, java.lang.Object, java.lang.Object, java.lang.Object)'> (0x000000078605b6d8) 
thrown [open/src/hotspot/share/interpreter/linkResolver.cpp, line 766]
Event: 53.260 Thread 0x00007f9b509e9200 Exception <a 'java/lang/NoSuchMethodError'{0x00000007860604a8}: 'java.lang.Object java.lang.invoke.DelegatingMethodHandle$Holder.reinvoke_L(java.lang.Object, long, java.lang.Object, java.lang.Object, java.lang.Object, java.lang.Object, java.lang.Object, java.lang.Object)'> (0x00000007860604a8) 
thrown [open/src/hotspot/share/interpreter/linkResolver.cpp, line 766]
Event: 76.524 Thread 0x00007f9b5099e400 Exception <a 'java/lang/ClassNotFoundException'{0x0000000785e19838}: java/lang/ObjectCustomizer> (0x0000000785e19838) 
thrown [open/src/hotspot/share/classfile/systemDictionary.cpp, line 256]
Event: 76.525 Thread 0x00007f9b5099e400 Exception <a 'java/lang/ClassNotFoundException'{0x0000000785e24970}: com/sanalyapp/sanaly/model/CategoryCustomizer> (0x0000000785e24970) 
thrown [open/src/hotspot/share/classfile/systemDictionary.cpp, line 256]
Event: 10690.940 Thread 0x00007f9b51901000 Implicit null exception at 0x000000011433f1e4 to 0x000000011433f682

VM Operations (20 events):
Event: 38241.938 Executing VM operation: Cleanup done
Event: 38262.000 Executing VM operation: Cleanup
Event: 38262.000 Executing VM operation: Cleanup done
Event: 39938.982 Executing VM operation: Cleanup
Event: 39938.983 Executing VM operation: Cleanup done
Event: 39973.233 Executing VM operation: Cleanup
Event: 39973.233 Executing VM operation: Cleanup done
Event: 39982.295 Executing VM operation: Cleanup
Event: 39982.295 Executing VM operation: Cleanup done
Event: 40015.530 Executing VM operation: Cleanup
Event: 40015.530 Executing VM operation: Cleanup done
Event: 41718.973 Executing VM operation: Cleanup
Event: 41718.973 Executing VM operation: Cleanup done
Event: 43559.276 Executing VM operation: Cleanup
Event: 43559.277 Executing VM operation: Cleanup done
Event: 63159.289 Executing VM operation: Cleanup
Event: 63159.290 Executing VM operation: Cleanup done
Event: 64834.121 Executing VM operation: Cleanup
Event: 64834.121 Executing VM operation: Cleanup done
Event: 66657.743 Executing VM operation: G1CollectForAllocation

Events (20 events):
Event: 66604.582 Thread 0x00007f9b4f9ad800 Thread added: 0x00007f9b4f9ad800
Event: 66604.582 Protecting memory [0x00007000080eb000,0x00007000080ef000] with protection modes 0
Event: 66604.582 Thread 0x00007f9b4f991200 Thread added: 0x00007f9b4f991200
Event: 66604.582 Protecting memory [0x0000700008803000,0x0000700008807000] with protection modes 0
Event: 66609.585 Protecting memory [0x00007000080eb000,0x00007000080ef000] with protection modes 3
Event: 66609.585 Thread 0x00007f9b4f9ad800 Thread exited: 0x00007f9b4f9ad800
Event: 66609.596 Protecting memory [0x0000700008803000,0x0000700008807000] with protection modes 3
Event: 66609.596 Thread 0x00007f9b4f991200 Thread exited: 0x00007f9b4f991200
Event: 66629.067 Thread 0x00007f9b4f991200 Thread added: 0x00007f9b4f991200
Event: 66629.067 Protecting memory [0x00007000080eb000,0x00007000080ef000] with protection modes 0
Event: 66629.067 Thread 0x00007f9b4f9ad800 Thread added: 0x00007f9b4f9ad800
Event: 66629.067 Protecting memory [0x0000700008803000,0x0000700008807000] with protection modes 0
Event: 66634.070 Protecting memory [0x00007000080eb000,0x00007000080ef000] with protection modes 3
Event: 66634.070 Thread 0x00007f9b4f991200 Thread exited: 0x00007f9b4f991200
Event: 66634.123 Protecting memory [0x0000700008803000,0x0000700008807000] with protection modes 3
Event: 66634.123 Thread 0x00007f9b4f9ad800 Thread exited: 0x00007f9b4f9ad800
Event: 66657.743 Thread 0x00007f9b51bf9a00 Thread added: 0x00007f9b51bf9a00
Event: 66657.743 Protecting memory [0x00007000080eb000,0x00007000080ef000] with protection modes 0
Event: 66657.743 Thread 0x00007f9b519e2000 Thread added: 0x00007f9b519e2000
Event: 66657.743 Protecting memory [0x0000700008803000,0x0000700008807000] with protection modes 0


Dynamic libraries:
0x00007fff2a574000 	/usr/lib/libz.1.dylib
0x0000000107dd1000 	/Users/zhanibek/Library/Java/JavaVirtualMachines/openjdk-17.0.2/Contents/Home/lib/libjli.dylib
0x00007fff34f82000 	/System/Library/Frameworks/Cocoa.framework/Versions/A/Cocoa
0x00007fff222f7000 	/System/Library/Frameworks/Security.framework/Versions/A/Security
0x00007fff3318f000 	/System/Library/Frameworks/ApplicationServices.framework/Versions/A/ApplicationServices
0x00007fff2a63c000 	/usr/lib/libSystem.B.dylib
0x00007fff2a636000 	/usr/lib/system/libcache.dylib
0x00007fff2a5f2000 	/usr/lib/system/libcommonCrypto.dylib
0x00007fff2a61c000 	/usr/lib/system/libcompiler_rt.dylib
0x00007fff2a611000 	/usr/lib/system/libcopyfile.dylib
0x00007fff201f3000 	/usr/lib/system/libcorecrypto.dylib
0x00007fff202be000 	/usr/lib/system/libdispatch.dylib
0x00007fff20471000 	/usr/lib/system/libdyld.dylib
0x00007fff2a62d000 	/usr/lib/system/libkeymgr.dylib
0x00007fff2da43000 	/usr/lib/system/liblaunch.dylib
0x00007fff2a5d0000 	/usr/lib/system/libmacho.dylib
0x00007fff29dc8000 	/usr/lib/system/libquarantine.dylib
0x00007fff2a62a000 	/usr/lib/system/libremovefile.dylib
0x00007fff24ccd000 	/usr/lib/system/libsystem_asl.dylib
0x00007fff201a3000 	/usr/lib/system/libsystem_blocks.dylib
0x00007fff20340000 	/usr/lib/system/libsystem_c.dylib
0x00007fff2a624000 	/usr/lib/system/libsystem_collections.dylib
0x00007fff290ce000 	/usr/lib/system/libsystem_configuration.dylib
0x00007fff283b6000 	/usr/lib/system/libsystem_containermanager.dylib
0x00007fff2a373000 	/usr/lib/system/libsystem_coreservices.dylib
0x00007fff228ac000 	/usr/lib/system/libsystem_darwin.dylib
0x00007fff2a62e000 	/usr/lib/system/libsystem_dnssd.dylib
0x00007fff2033d000 	/usr/lib/system/libsystem_featureflags.dylib
0x00007fff204b7000 	/usr/lib/system/libsystem_info.dylib
0x00007fff2a587000 	/usr/lib/system/libsystem_m.dylib
0x00007fff20291000 	/usr/lib/system/libsystem_malloc.dylib
0x00007fff24c60000 	/usr/lib/system/libsystem_networkextension.dylib
0x00007fff22ccb000 	/usr/lib/system/libsystem_notify.dylib
0x00007fff2fed2000 	/usr/lib/system/libsystem_product_info_filter.dylib
0x00007fff290d2000 	/usr/lib/system/libsystem_sandbox.dylib
0x00007fff2a627000 	/usr/lib/system/libsystem_secinit.dylib
0x00007fff20435000 	/usr/lib/system/libsystem_kernel.dylib
0x00007fff204ad000 	/usr/lib/system/libsystem_platform.dylib
0x00007fff20465000 	/usr/lib/system/libsystem_pthread.dylib
0x00007fff263a8000 	/usr/lib/system/libsystem_symptoms.dylib
0x00007fff201db000 	/usr/lib/system/libsystem_trace.dylib
0x00007fff2a5fe000 	/usr/lib/system/libunwind.dylib
0x00007fff201a5000 	/usr/lib/system/libxpc.dylib
0x00007fff2041f000 	/usr/lib/libc++abi.dylib
0x00007fff20303000 	/usr/lib/libobjc.A.dylib
0x00007fff2a609000 	/usr/lib/liboah.dylib
0x00007fff203c9000 	/usr/lib/libc++.1.dylib
0x00007fff204e3000 	/System/Library/Frameworks/CoreFoundation.framework/Versions/A/CoreFoundation
0x00007fff21290000 	/System/Library/Frameworks/Foundation.framework/Versions/C/Foundation
0x00007fff22d25000 	/System/Library/Frameworks/AppKit.framework/Versions/C/AppKit
0x00007fff25be4000 	/System/Library/Frameworks/CoreData.framework/Versions/A/CoreData
0x00007fff23a6e000 	/System/Library/PrivateFrameworks/UIFoundation.framework/Versions/A/UIFoundation
0x00007fff2fc65000 	/System/Library/PrivateFrameworks/RemoteViewServices.framework/Versions/A/RemoteViewServices
0x00007fff28a80000 	/System/Library/PrivateFrameworks/XCTTargetBootstrap.framework/Versions/A/XCTTargetBootstrap
0x00007fff2b765000 	/usr/lib/libspindump.dylib
0x00007fff23cbd000 	/System/Library/Frameworks/UniformTypeIdentifiers.framework/Versions/A/UniformTypeIdentifiers
0x00007fff27280000 	/usr/lib/libapp_launch_measurement.dylib
0x00007fff27283000 	/System/Library/PrivateFrameworks/CoreAutoLayout.framework/Versions/A/CoreAutoLayout
0x00007fff283e3000 	/System/Library/Frameworks/Metal.framework/Versions/A/Metal
0x00007fff290dd000 	/usr/lib/liblangid.dylib
0x00007fff28a84000 	/System/Library/PrivateFrameworks/CoreSVG.framework/Versions/A/CoreSVG
0x00007fff24cfc000 	/System/Library/PrivateFrameworks/SkyLight.framework/Versions/A/SkyLight
0x00007fff25061000 	/System/Library/Frameworks/CoreGraphics.framework/Versions/A/CoreGraphics
0x00007fff3018c000 	/System/Library/Frameworks/Accelerate.framework/Versions/A/Accelerate
0x00007fff2b1a3000 	/System/Library/PrivateFrameworks/IconServices.framework/Versions/A/IconServices
0x00007fff283c7000 	/System/Library/Frameworks/IOSurface.framework/Versions/A/IOSurface
0x00007fff2656c000 	/usr/lib/libDiagnosticMessagesClient.dylib
0x00007fff28a6c000 	/System/Library/PrivateFrameworks/DFRFoundation.framework/Versions/A/DFRFoundation
0x00007fff2264c000 	/usr/lib/libicucore.A.dylib
0x00007fff2ccac000 	/System/Library/Frameworks/AudioToolbox.framework/Versions/A/AudioToolbox
0x00007fff2bf36000 	/System/Library/PrivateFrameworks/DataDetectorsCore.framework/Versions/A/DataDetectorsCore
0x00007fff24c70000 	/usr/lib/libMobileGestalt.dylib
0x00007fff28770000 	/System/Library/Frameworks/Carbon.framework/Versions/A/Frameworks/HIToolbox.framework/Versions/A/HIToolbox
0x00007fff26cc6000 	/System/Library/Frameworks/QuartzCore.framework/Versions/A/QuartzCore
0x00007fff2fc9d000 	/System/Library/Frameworks/Carbon.framework/Versions/A/Frameworks/SpeechRecognition.framework/Versions/A/SpeechRecognition
0x00007fff26fe5000 	/System/Library/PrivateFrameworks/CoreUI.framework/Versions/A/CoreUI
0x00007fff21c66000 	/System/Library/Frameworks/CoreAudio.framework/Versions/A/CoreAudio
0x00007fff26657000 	/System/Library/Frameworks/DiskArbitration.framework/Versions/A/DiskArbitration
0x00007fff2bb33000 	/System/Library/PrivateFrameworks/MultitouchSupport.framework/Versions/A/MultitouchSupport
0x00007fff2bf2d000 	/System/Library/PrivateFrameworks/InternationalSupport.framework/Versions/A/InternationalSupport
0x00007fff24c6f000 	/usr/lib/libenergytrace.dylib
0x00007fff22c1c000 	/System/Library/Frameworks/IOKit.framework/Versions/A/IOKit
0x00007fff2ffd0000 	/System/Library/Frameworks/CoreServices.framework/Versions/A/CoreServices
0x00007fff27212000 	/System/Library/PrivateFrameworks/PerformanceAnalysis.framework/Versions/A/PerformanceAnalysis
0x00007fff6ba84000 	/System/Library/Frameworks/OpenGL.framework/Versions/A/OpenGL
0x00007fff2bfb1000 	/System/Library/PrivateFrameworks/UserActivity.framework/Versions/A/UserActivity
0x00007fff256eb000 	/System/Library/Frameworks/ColorSync.framework/Versions/A/ColorSync
0x00007fff28ceb000 	/System/Library/Frameworks/CoreImage.framework/Versions/A/CoreImage
0x00007fff21a80000 	/System/Library/Frameworks/CoreText.framework/Versions/A/CoreText
0x00007fff28aae000 	/System/Library/Frameworks/ImageIO.framework/Versions/A/ImageIO
0x00007fff2a642000 	/System/Library/PrivateFrameworks/SoftLinking.framework/Versions/A/SoftLinking
0x00007fff272cb000 	/usr/lib/libxml2.2.dylib
0x00007fff2a8b3000 	/usr/lib/libcompression.dylib
0x00007fff2be5f000 	/System/Library/PrivateFrameworks/TextureIO.framework/Versions/A/TextureIO
0x00007fff2aee2000 	/usr/lib/libate.dylib
0x00007fff2acc7000 	/usr/lib/liblzma.5.dylib
0x00007fff20fa4000 	/System/Library/Frameworks/SystemConfiguration.framework/Versions/A/SystemConfiguration
0x00007fff2a63e000 	/usr/lib/libfakelink.dylib
0x00007fff247c1000 	/System/Library/Frameworks/CFNetwork.framework/Versions/A/CFNetwork
0x00007fff2a77e000 	/usr/lib/libarchive.2.dylib
0x00007fff21022000 	/usr/lib/libCRFSuite.dylib
0x00007fff29def000 	/usr/lib/libbsm.0.dylib
0x00007fff2413a000 	/usr/lib/libnetwork.dylib
0x00007fff2a643000 	/usr/lib/libpcap.A.dylib
0x00007fff263a1000 	/usr/lib/libdns_services.dylib
0x00007fff2ace0000 	/usr/lib/libcoretls_cfhelpers.dylib
0x00007fff2a87d000 	/usr/lib/libapple_nghttp2.dylib
0x00007fff2a5d6000 	/usr/lib/system/libkxld.dylib
0x00007fff2601a000 	/usr/lib/libsqlite3.dylib
0x00007fff2a356000 	/System/Library/PrivateFrameworks/AppleFSCompression.framework/Versions/A/AppleFSCompression
0x00007fff29dd7000 	/usr/lib/libcoretls.dylib
0x00007fff2a8ae000 	/usr/lib/libpam.2.dylib
0x00007fff2adde000 	/usr/lib/libxar.1.dylib
0x00007fff290d9000 	/System/Library/PrivateFrameworks/AppleSystemInfo.framework/Versions/A/AppleSystemInfo
0x00007fff29a19000 	/System/Library/PrivateFrameworks/IOMobileFramebuffer.framework/Versions/A/IOMobileFramebuffer
0x00007fff2a366000 	/usr/lib/libbz2.1.0.dylib
0x00007fff2a67b000 	/usr/lib/libiconv.2.dylib
0x00007fff2a5cf000 	/usr/lib/libcharset.1.dylib
0x00007fff2724e000 	/System/Library/Frameworks/CoreServices.framework/Versions/A/Frameworks/FSEvents.framework/Versions/A/FSEvents
0x00007fff228b6000 	/System/Library/Frameworks/CoreServices.framework/Versions/A/Frameworks/CarbonCore.framework/Versions/A/CarbonCore
0x00007fff265bc000 	/System/Library/Frameworks/CoreServices.framework/Versions/A/Frameworks/Metadata.framework/Versions/A/Metadata
0x00007fff2a378000 	/System/Library/Frameworks/CoreServices.framework/Versions/A/Frameworks/OSServices.framework/Versions/A/OSServices
0x00007fff2a7f0000 	/System/Library/Frameworks/CoreServices.framework/Versions/A/Frameworks/SearchKit.framework/Versions/A/SearchKit
0x00007fff2632c000 	/System/Library/Frameworks/CoreServices.framework/Versions/A/Frameworks/AE.framework/Versions/A/AE
0x00007fff20981000 	/System/Library/Frameworks/CoreServices.framework/Versions/A/Frameworks/LaunchServices.framework/Versions/A/LaunchServices
0x00007fff2ac77000 	/System/Library/Frameworks/CoreServices.framework/Versions/A/Frameworks/DictionaryServices.framework/Versions/A/DictionaryServices
0x00007fff2725b000 	/System/Library/Frameworks/CoreServices.framework/Versions/A/Frameworks/SharedFileList.framework/Versions/A/SharedFileList
0x00007fff29dcb000 	/usr/lib/libCheckFix.dylib
0x00007fff24ce4000 	/System/Library/PrivateFrameworks/TCC.framework/Versions/A/TCC
0x00007fff290df000 	/System/Library/PrivateFrameworks/CoreNLP.framework/Versions/A/CoreNLP
0x00007fff2656f000 	/System/Library/PrivateFrameworks/MetadataUtilities.framework/Versions/A/MetadataUtilities
0x00007fff21057000 	/usr/lib/libmecabra.dylib
0x00007fff2a0d5000 	/System/Library/Frameworks/MLCompute.framework/Versions/A/MLCompute
0x00007fff29e00000 	/usr/lib/libmecab.dylib
0x00007fff29e4a000 	/usr/lib/libgermantok.dylib
0x00007fff2a858000 	/usr/lib/libThaiTokenizer.dylib
0x00007fff2ae19000 	/usr/lib/libChineseTokenizer.dylib
0x00007fff2a8ac000 	/System/Library/Frameworks/MetalPerformanceShaders.framework/Versions/A/MetalPerformanceShaders
0x00007fff2665e000 	/System/Library/Frameworks/Accelerate.framework/Versions/A/Frameworks/vImage.framework/Versions/A/vImage
0x00007fff2ffaa000 	/System/Library/Frameworks/Accelerate.framework/Versions/A/Frameworks/vecLib.framework/Versions/A/vecLib
0x00007fff2ae24000 	/System/Library/Frameworks/Accelerate.framework/Versions/A/Frameworks/vecLib.framework/Versions/A/libvMisc.dylib
0x00007fff29834000 	/System/Library/Frameworks/Accelerate.framework/Versions/A/Frameworks/vecLib.framework/Versions/A/libvDSP.dylib
0x00007fff20c8a000 	/System/Library/Frameworks/Accelerate.framework/Versions/A/Frameworks/vecLib.framework/Versions/A/libBLAS.dylib
0x00007fff2a8d9000 	/System/Library/Frameworks/Accelerate.framework/Versions/A/Frameworks/vecLib.framework/Versions/A/libLAPACK.dylib
0x00007fff29e50000 	/System/Library/Frameworks/Accelerate.framework/Versions/A/Frameworks/vecLib.framework/Versions/A/libLinearAlgebra.dylib
0x00007fff2a895000 	/System/Library/Frameworks/Accelerate.framework/Versions/A/Frameworks/vecLib.framework/Versions/A/libSparseBLAS.dylib
0x00007fff2a8d3000 	/System/Library/Frameworks/Accelerate.framework/Versions/A/Frameworks/vecLib.framework/Versions/A/libQuadrature.dylib
0x00007fff2918b000 	/System/Library/Frameworks/Accelerate.framework/Versions/A/Frameworks/vecLib.framework/Versions/A/libBNNS.dylib
0x00007fff20f35000 	/System/Library/Frameworks/Accelerate.framework/Versions/A/Frameworks/vecLib.framework/Versions/A/libSparse.dylib
0x00007fff29067000 	/System/Library/Frameworks/MetalPerformanceShaders.framework/Versions/A/Frameworks/MPSCore.framework/Versions/A/MPSCore
0x00007fff2a2c5000 	/System/Library/Frameworks/MetalPerformanceShaders.framework/Versions/A/Frameworks/MPSImage.framework/Versions/A/MPSImage
0x00007fff29e66000 	/System/Library/Frameworks/MetalPerformanceShaders.framework/Versions/A/Frameworks/MPSNeuralNetwork.framework/Versions/A/MPSNeuralNetwork
0x00007fff2a237000 	/System/Library/Frameworks/MetalPerformanceShaders.framework/Versions/A/Frameworks/MPSMatrix.framework/Versions/A/MPSMatrix
0x00007fff2a085000 	/System/Library/Frameworks/MetalPerformanceShaders.framework/Versions/A/Frameworks/MPSRayIntersector.framework/Versions/A/MPSRayIntersector
0x00007fff2a26e000 	/System/Library/Frameworks/MetalPerformanceShaders.framework/Versions/A/Frameworks/MPSNDArray.framework/Versions/A/MPSNDArray
0x00007fff20bb6000 	/System/Library/PrivateFrameworks/MetalTools.framework/Versions/A/MetalTools
0x00007fff290d7000 	/System/Library/PrivateFrameworks/AggregateDictionary.framework/Versions/A/AggregateDictionary
0x00007fff2653c000 	/System/Library/PrivateFrameworks/CoreAnalytics.framework/Versions/A/CoreAnalytics
0x00007fff2a85a000 	/System/Library/PrivateFrameworks/AppleSauce.framework/Versions/A/AppleSauce
0x00007fff283d9000 	/System/Library/PrivateFrameworks/IOAccelerator.framework/Versions/A/IOAccelerator
0x00007fff6ba78000 	/System/Library/Frameworks/OpenGL.framework/Versions/A/Libraries/libCoreFSCache.dylib
0x00007fff215ef000 	/System/Library/PrivateFrameworks/LanguageModeling.framework/Versions/A/LanguageModeling
0x00007fff29a07000 	/System/Library/PrivateFrameworks/CoreEmoji.framework/Versions/A/CoreEmoji
0x00007fff29184000 	/System/Library/PrivateFrameworks/LinguisticData.framework/Versions/A/LinguisticData
0x00007fff20ee7000 	/System/Library/PrivateFrameworks/Lexicon.framework/Versions/A/Lexicon
0x00007fff2a76c000 	/usr/lib/libcmph.dylib
0x00007fff2722e000 	/System/Library/Frameworks/OpenDirectory.framework/Versions/A/Frameworks/CFOpenDirectory.framework/Versions/A/CFOpenDirectory
0x00007fff2721e000 	/System/Library/Frameworks/OpenDirectory.framework/Versions/A/OpenDirectory
0x00007fff2ace2000 	/System/Library/PrivateFrameworks/APFS.framework/Versions/A/APFS
0x00007fff29d2d000 	/System/Library/Frameworks/SecurityFoundation.framework/Versions/A/SecurityFoundation
0x00007fff2adec000 	/usr/lib/libutil.dylib
0x00007fff22be1000 	/System/Library/PrivateFrameworks/CoreServicesStore.framework/Versions/A/CoreServicesStore
0x00007fff29dc3000 	/System/Library/Frameworks/ServiceManagement.framework/Versions/A/ServiceManagement
0x00007fff2adf0000 	/usr/lib/libxslt.1.dylib
0x00007fff29db9000 	/System/Library/PrivateFrameworks/BackgroundTaskManagement.framework/Versions/A/BackgroundTaskManagement
0x00007fff2bda9000 	/System/Library/Frameworks/ImageIO.framework/Versions/A/Resources/libRadiance.dylib
0x00007fff2bdb3000 	/System/Library/Frameworks/ImageIO.framework/Versions/A/Resources/libJPEG.dylib
0x00007fff2bcfd000 	/System/Library/Frameworks/ImageIO.framework/Versions/A/Resources/libPng.dylib
0x00007fff2bd24000 	/System/Library/Frameworks/ImageIO.framework/Versions/A/Resources/libTIFF.dylib
0x00007fff2be08000 	/System/Library/Frameworks/ImageIO.framework/Versions/A/Resources/libGIF.dylib
0x00007fff2ba4f000 	/System/Library/Frameworks/ImageIO.framework/Versions/A/Resources/libJP2.dylib
0x00007fff2b16b000 	/usr/lib/libexpat.1.dylib
0x00007fff2ba05000 	/System/Library/PrivateFrameworks/AppleJPEG.framework/Versions/A/AppleJPEG
0x00007fff2860f000 	/System/Library/PrivateFrameworks/FontServices.framework/libFontParser.dylib
0x00007fff262e3000 	/System/Library/PrivateFrameworks/RunningBoardServices.framework/Versions/A/RunningBoardServices
0x00007fff2bb2f000 	/System/Library/PrivateFrameworks/WatchdogClient.framework/Versions/A/WatchdogClient
0x00007fff216d8000 	/System/Library/Frameworks/CoreDisplay.framework/Versions/A/CoreDisplay
0x00007fff28524000 	/System/Library/Frameworks/CoreMedia.framework/Versions/A/CoreMedia
0x00007fff273ae000 	/System/Library/Frameworks/CoreVideo.framework/Versions/A/CoreVideo
0x00007fff2bb6a000 	/System/Library/Frameworks/VideoToolbox.framework/Versions/A/VideoToolbox
0x00007fff26263000 	/System/Library/PrivateFrameworks/BaseBoard.framework/Versions/A/BaseBoard
0x00007fff2b2af000 	/System/Library/PrivateFrameworks/PersistentConnection.framework/Versions/A/PersistentConnection
0x00007fff26004000 	/System/Library/PrivateFrameworks/ProtocolBuffer.framework/Versions/A/ProtocolBuffer
0x00007fff2624b000 	/System/Library/PrivateFrameworks/CommonUtilities.framework/Versions/A/CommonUtilities
0x00007fff2b9c8000 	/System/Library/PrivateFrameworks/Bom.framework/Versions/A/Bom
0x00007fff2bda1000 	/System/Library/PrivateFrameworks/GPUWrangler.framework/Versions/A/GPUWrangler
0x00007fff2bd84000 	/System/Library/PrivateFrameworks/IOPresentment.framework/Versions/A/IOPresentment
0x00007fff2bdad000 	/System/Library/PrivateFrameworks/DSExternalDisplay.framework/Versions/A/DSExternalDisplay
0x00007fff2be0d000 	/System/Library/PrivateFrameworks/CMCaptureCore.framework/Versions/A/CMCaptureCore
0x00007fff2b74b000 	/System/Library/PrivateFrameworks/AppServerSupport.framework/Versions/A/AppServerSupport
0x00007fff2d7e6000 	/System/Library/PrivateFrameworks/perfdata.framework/Versions/A/perfdata
0x00007fff29d1c000 	/System/Library/PrivateFrameworks/AssertionServices.framework/Versions/A/AssertionServices
0x00007fff2180f000 	/System/Library/PrivateFrameworks/AudioToolboxCore.framework/Versions/A/AudioToolboxCore
0x00007fff28507000 	/System/Library/PrivateFrameworks/caulk.framework/Versions/A/caulk
0x00007fff3cc1e000 	/System/Library/PrivateFrameworks/SystemPolicy.framework/Versions/A/SystemPolicy
0x00007fff2af7a000 	/usr/lib/libIOReport.dylib
0x00007fff2d022000 	/usr/lib/libSMC.dylib
0x00007fff2bcc9000 	/usr/lib/libAudioToolboxUtility.dylib
0x00007fff3d578000 	/usr/lib/libmis.dylib
0x00007fff6bad4000 	/System/Library/Frameworks/OpenGL.framework/Versions/A/Libraries/libGLU.dylib
0x00007fff6ba97000 	/System/Library/Frameworks/OpenGL.framework/Versions/A/Libraries/libGFXShared.dylib
0x00007fff6bca5000 	/System/Library/Frameworks/OpenGL.framework/Versions/A/Libraries/libGL.dylib
0x00007fff6baa0000 	/System/Library/Frameworks/OpenGL.framework/Versions/A/Libraries/libGLImage.dylib
0x00007fff6ba94000 	/System/Library/Frameworks/OpenGL.framework/Versions/A/Libraries/libCVMSPluginSupport.dylib
0x00007fff6ba7f000 	/System/Library/Frameworks/OpenGL.framework/Versions/A/Libraries/libCoreVMClient.dylib
0x00007fff6d0ef000 	/System/Library/Frameworks/OpenCL.framework/Versions/A/OpenCL
0x00007fff2b2d8000 	/System/Library/PrivateFrameworks/GraphVisualizer.framework/Versions/A/GraphVisualizer
0x00007fff2b2e7000 	/System/Library/PrivateFrameworks/FaceCore.framework/Versions/A/FaceCore
0x00007fff2b703000 	/System/Library/PrivateFrameworks/OTSVG.framework/Versions/A/OTSVG
0x00007fff26fa3000 	/System/Library/Frameworks/ApplicationServices.framework/Versions/A/Frameworks/ATS.framework/Versions/A/Resources/libFontRegistry.dylib
0x00007fff2b752000 	/System/Library/PrivateFrameworks/FontServices.framework/libhvf.dylib
0x00007fff2b117000 	/System/Library/PrivateFrameworks/AppleVA.framework/Versions/A/AppleVA
0x00007fff2ce6a000 	/System/Library/Frameworks/ApplicationServices.framework/Versions/A/Frameworks/ATS.framework/Versions/A/ATS
0x00007fff2d17d000 	/System/Library/Frameworks/ApplicationServices.framework/Versions/A/Frameworks/ColorSyncLegacy.framework/Versions/A/ColorSyncLegacy
0x00007fff257e2000 	/System/Library/Frameworks/ApplicationServices.framework/Versions/A/Frameworks/HIServices.framework/Versions/A/HIServices
0x00007fff2d162000 	/System/Library/Frameworks/ApplicationServices.framework/Versions/A/Frameworks/LangAnalysis.framework/Versions/A/LangAnalysis
0x00007fff2be17000 	/System/Library/Frameworks/ApplicationServices.framework/Versions/A/Frameworks/PrintCore.framework/Versions/A/PrintCore
0x00007fff2d185000 	/System/Library/Frameworks/ApplicationServices.framework/Versions/A/Frameworks/QD.framework/Versions/A/QD
0x00007fff2ce5a000 	/System/Library/Frameworks/ApplicationServices.framework/Versions/A/Frameworks/SpeechSynthesis.framework/Versions/A/SpeechSynthesis
0x00007fff2bdd8000 	/System/Library/Frameworks/ApplicationServices.framework/Versions/A/Frameworks/ATSUI.framework/Versions/A/ATSUI
0x00007fff2d102000 	/usr/lib/libcups.2.dylib
0x00007fff2d172000 	/System/Library/PrivateFrameworks/NetAuth.framework/Versions/A/NetAuth
0x00007fff2d801000 	/System/Library/Frameworks/Kerberos.framework/Versions/A/Kerberos
0x00007fff2d811000 	/System/Library/Frameworks/GSS.framework/Versions/A/GSS
0x00007fff2ced7000 	/usr/lib/libresolv.9.dylib
0x00007fff2b768000 	/System/Library/PrivateFrameworks/Heimdal.framework/Versions/A/Heimdal
0x00007fff334a4000 	/System/Library/Frameworks/Kerberos.framework/Versions/A/Libraries/libHeimdalProxy.dylib
0x00007fff263b0000 	/System/Library/Frameworks/Network.framework/Versions/A/Network
0x00007fff2b184000 	/usr/lib/libheimdal-asn1.dylib
0x00007fff2d862000 	/System/Library/PrivateFrameworks/CommonAuth.framework/Versions/A/CommonAuth
0x00007fff273fc000 	/System/Library/PrivateFrameworks/login.framework/Versions/A/Frameworks/loginsupport.framework/Versions/A/loginsupport
0x00007fff2cde1000 	/System/Library/PrivateFrameworks/AudioSession.framework/Versions/A/AudioSession
0x00007fff2ce47000 	/usr/lib/libAudioStatistics.dylib
0x00007fff2b210000 	/System/Library/PrivateFrameworks/MediaExperience.framework/Versions/A/MediaExperience
0x00007fff2cc7a000 	/System/Library/PrivateFrameworks/AudioSession.framework/libSessionUtility.dylib
0x00007fff2d7f2000 	/usr/lib/libperfcheck.dylib
0x00007fff2d191000 	/System/Library/PrivateFrameworks/AudioResourceArbitration.framework/Versions/A/AudioResourceArbitration
0x00007fff2b18e000 	/System/Library/PrivateFrameworks/IconFoundation.framework/Versions/A/IconFoundation
0x00007fff2fc8d000 	/System/Library/PrivateFrameworks/SpeechRecognitionCore.framework/Versions/A/SpeechRecognitionCore
0x000000010a000000 	/Users/zhanibek/Library/Java/JavaVirtualMachines/openjdk-17.0.2/Contents/Home/lib/server/libjvm.dylib
0x0000000107dfa000 	/Users/zhanibek/Library/Java/JavaVirtualMachines/openjdk-17.0.2/Contents/Home/lib/libjimage.dylib
0x0000000107e0c000 	/Users/zhanibek/Library/Java/JavaVirtualMachines/openjdk-17.0.2/Contents/Home/lib/libinstrument.dylib
0x0000000107e20000 	/Users/zhanibek/Library/Java/JavaVirtualMachines/openjdk-17.0.2/Contents/Home/lib/libjava.dylib
0x0000000107f4e000 	/Users/zhanibek/Library/Java/JavaVirtualMachines/openjdk-17.0.2/Contents/Home/lib/libzip.dylib
0x0000000107f62000 	/Users/zhanibek/Library/Java/JavaVirtualMachines/openjdk-17.0.2/Contents/Home/lib/libnio.dylib
0x0000000107f7e000 	/Users/zhanibek/Library/Java/JavaVirtualMachines/openjdk-17.0.2/Contents/Home/lib/libnet.dylib
0x0000000107f9e000 	/Users/zhanibek/Library/Java/JavaVirtualMachines/openjdk-17.0.2/Contents/Home/lib/libextnet.dylib
0x0000000107fae000 	/Users/zhanibek/Library/Java/JavaVirtualMachines/openjdk-17.0.2/Contents/Home/lib/libmanagement.dylib
0x0000000107fbe000 	/Users/zhanibek/Library/Java/JavaVirtualMachines/openjdk-17.0.2/Contents/Home/lib/libmanagement_ext.dylib


VM Arguments:
jvm_args: -XX:TieredStopAtLevel=1 -Xverify:none -Dspring.output.ansi.enabled=always -Dcom.sun.management.jmxremote -Dspring.jmx.enabled=true -Dspring.liveBeansView.mbeanDomain -Dspring.application.admin.enabled=true -javaagent:/Applications/IntelliJ IDEA.app/Contents/lib/idea_rt.jar=52961:/Applications/IntelliJ IDEA.app/Contents/bin -Dfile.encoding=UTF-8 
java_command: com.sanalyapp.sanaly.SanalyApplication
java_class_path (initial): /Users/zhanibek/Desktop/Dev/sanaly/target/classes:/Users/zhanibek/.m2/repository/org/springframework/boot/spring-boot-starter-web/2.6.4/spring-boot-starter-web-2.6.4.jar:/Users/zhanibek/.m2/repository/org/springframework/boot/spring-boot-starter/2.6.4/spring-boot-starter-2.6.4.jar:/Users/zhanibek/.m2/repository/org/springframework/boot/spring-boot/2.6.4/spring-boot-2.6.4.jar:/Users/zhanibek/.m2/repository/org/springframework/boot/spring-boot-autoconfigure/2.6.4/spring-boot-autoconfigure-2.6.4.jar:/Users/zhanibek/.m2/repository/org/springframework/boot/spring-boot-starter-logging/2.6.4/spring-boot-starter-logging-2.6.4.jar:/Users/zhanibek/.m2/repository/ch/qos/logback/logback-classic/1.2.10/logback-classic-1.2.10.jar:/Users/zhanibek/.m2/repository/ch/qos/logback/logback-core/1.2.10/logback-core-1.2.10.jar:/Users/zhanibek/.m2/repository/org/apache/logging/log4j/log4j-to-slf4j/2.17.1/log4j-to-slf4j-2.17.1.jar:/Users/zhanibek/.m2/repository/org/apache/logging/log4j/log4j-api/2.17.1/log4j-api-2.17.1.jar:/Users/zhanibek/.m2/repository/org/slf4j/jul-to-slf4j/1.7.36/jul-to-slf4j-1.7.36.jar:/Users/zhanibek/.m2/repository/jakarta/annotation/jakarta.annotation-api/1.3.5/jakarta.annotation-api-1.3.5.jar:/Users/zhanibek/.m2/repository/org/yaml/snakeyaml/1.29/snakeyaml-1.29.jar:/Users/zhanibek/.m2/repository/org/springframework/boot/spring-boot-starter-json/2.6.4/spring-boot-starter-json-2.6.4.jar:/Users/zhanibek/.m2/repository/com/fasterxml/jackson/datatype/jackson-datatype-jdk8/2.13.1/jackson-datatype-jdk8-2.13.1.jar:/Users/zhanibek/.m2/repository/com/fasterxml/jackson/datatype/jackson-datatype-jsr310/2.13.1/jackson-datatype-jsr310-2.13.1.jar:/Users/zhanibek/.m2/repository/com/fasterxml/jackson/module/jackson-module-parameter-names/2.13.1/jackson-module-parameter-names-2.13.1.jar:/Users/zhanibek/.m2/repository/org/springframework/boot/spring-boot-starter-tomcat/2.6.4/spring-boot-starter-tomcat-2.6.4.jar:/Users/zhanibek/.m2/repository/org/apache/tomc
Launcher Type: SUN_STANDARD

[Global flags]
     intx CICompilerCount                          = 3                                         {product} {ergonomic}
     uint ConcGCThreads                            = 1                                         {product} {ergonomic}
     uint G1ConcRefinementThreads                  = 4                                         {product} {ergonomic}
   size_t G1HeapRegionSize                         = 1048576                                   {product} {ergonomic}
    uintx GCDrainStackTargetSize                   = 64                                        {product} {ergonomic}
   size_t InitialHeapSize                          = 134217728                                 {product} {ergonomic}
     bool ManagementServer                         = true                                      {product} {command line}
   size_t MarkStackSize                            = 4194304                                   {product} {ergonomic}
   size_t MaxHeapSize                              = 2147483648                                {product} {ergonomic}
   size_t MaxNewSize                               = 1287651328                                {product} {ergonomic}
   size_t MinHeapDeltaBytes                        = 1048576                                   {product} {ergonomic}
   size_t MinHeapSize                              = 8388608                                   {product} {ergonomic}
    uintx NonProfiledCodeHeapSize                  = 0                                      {pd product} {ergonomic}
     bool ProfileInterpreter                       = false                                  {pd product} {command line}
    uintx ProfiledCodeHeapSize                     = 0                                      {pd product} {ergonomic}
   size_t SoftMaxHeapSize                          = 2147483648                             {manageable} {ergonomic}
     intx TieredStopAtLevel                        = 1                                         {product} {command line}
     bool UseCompressedClassPointers               = true                           {product lp64_product} {ergonomic}
     bool UseCompressedOops                        = true                           {product lp64_product} {ergonomic}
     bool UseG1GC                                  = true                                      {product} {ergonomic}
     bool UseNUMA                                  = false                                     {product} {ergonomic}
     bool UseNUMAInterleaving                      = false                                     {product} {ergonomic}

Logging:
Log output configuration:
 #0: stdout all=warning uptime,level,tags
 #1: stderr all=off uptime,level,tags

Environment Variables:
PATH=/Library/Frameworks/Python.framework/Versions/3.9/bin:/usr/local/bin:/usr/bin:/bin:/usr/sbin:/sbin:/usr/local/go/bin:/usr/local/share/dotnet:~/.dotnet/tools:/Library/Apple/usr/bin:/Library/Frameworks/Mono.framework/Versions/Current/Commands
SHELL=/bin/bash
LC_CTYPE=en_US.UTF-8

Signal Handlers:
   SIGSEGV: crash_handler in libjvm.dylib, mask=11100110000111110111111111111111, flags=SA_RESTART|SA_SIGINFO
    SIGBUS: crash_handler in libjvm.dylib, mask=11100110000111110111111111111111, flags=SA_RESTART|SA_SIGINFO
    SIGFPE: crash_handler in libjvm.dylib, mask=11100110000111110111111111111111, flags=SA_RESTART|SA_SIGINFO
   SIGPIPE: javaSignalHandler in libjvm.dylib, mask=11100110000111110111111111111111, flags=SA_RESTART|SA_SIGINFO
   SIGXFSZ: javaSignalHandler in libjvm.dylib, mask=11100110000111110111111111111111, flags=SA_RESTART|SA_SIGINFO
    SIGILL: crash_handler in libjvm.dylib, mask=11100110000111110111111111111111, flags=SA_RESTART|SA_SIGINFO
   SIGUSR2: SR_handler in libjvm.dylib, mask=00100000000000000000000000000000, flags=SA_RESTART|SA_SIGINFO
    SIGHUP: UserHandler in libjvm.dylib, mask=11100110000111110111111111111111, flags=SA_RESTART|SA_SIGINFO
    SIGINT: UserHandler in libjvm.dylib, mask=11100110000111110111111111111111, flags=SA_RESTART|SA_SIGINFO
   SIGTERM: UserHandler in libjvm.dylib, mask=11100110000111110111111111111111, flags=SA_RESTART|SA_SIGINFO
   SIGQUIT: UserHandler in libjvm.dylib, mask=11100110000111110111111111111111, flags=SA_RESTART|SA_SIGINFO
   SIGTRAP: crash_handler in libjvm.dylib, mask=11100110000111110111111111111111, flags=SA_RESTART|SA_SIGINFO


---------------  S Y S T E M  ---------------

OS:
uname: Darwin 20.5.0 Darwin Kernel Version 20.5.0: Sat May  8 05:10:33 PDT 2021; root:xnu-7195.121.3~9/RELEASE_X86_64 x86_64
OS uptime: 3 days 15:13 hours
rlimit (soft/hard): STACK 8192k/65532k , CORE 0k/infinity , NPROC 1392/2088 , NOFILE 10240/infinity , AS infinity/infinity , CPU infinity/infinity , DATA infinity/infinity , FSIZE infinity/infinity , MEMLOCK infinity/infinity , RSS infinity/infinity
load average: 5.37 6.86 6.76

CPU: total 4 (initial active 4) (2 cores per cpu, 2 threads per core) family 6 model 61 stepping 4 microcode 0x2f, cx8, cmov, fxsr, ht, mmx, 3dnowpref, sse, sse2, sse3, ssse3, sse4.1, sse4.2, popcnt, lzcnt, tsc, tscinvbit, avx, avx2, aes, erms, clmul, bmi1, bmi2, rtm, adx, fma, vzeroupper, clflush

Memory: 4k page, physical 8388608k(152364k free), swap 3145728k(1195008k free)

vm_info: OpenJDK 64-Bit Server VM (17.0.2+8-86) for bsd-amd64 JRE (17.0.2+8-86), built on Dec  7 2021 21:47:33 by "mach5one" with clang Apple LLVM 12.0.0 (clang-1200.0.32.29)

END.
